# JRE version: OpenJDK Runtime Environment (11.0.15) (build 11.0.15+0-b2043.56-9505619)
# Java VM: OpenJDK 64-Bit Server VM (11.0.15+0-b2043.56-9505619, mixed mode, tiered, compressed oops, g1 gc, windows-amd64)
Heap:
 garbage-first heap   total 396288K, used 184667K [0x0000000080000000, 0x0000000100000000)
  region size 1024K, 9 young (9216K), 9 survivors (9216K)
 Metaspace       used 107192K, capacity 110562K, committed 112500K, reserved 1146880K
  class space    used 13881K, capacity 15159K, committed 15872K, reserved 1048576K
GC Heap History (20 events):
Event: 22.315 GC heap after
{Heap after GC invocations=34 (full 0):
 garbage-first heap   total 273408K, used 146054K [0x0000000080000000, 0x0000000100000000)
  region size 1024K, 4 young (4096K), 4 survivors (4096K)
 Metaspace       used 106803K, capacity 110634K, committed 111476K, reserved 1144832K
  class space    used 14112K, capacity 15578K, committed 15872K, reserved 1048576K
}
Event: 23.015 GC heap before
{Heap before GC invocations=35 (full 0):
 garbage-first heap   total 273408K, used 212614K [0x0000000080000000, 0x0000000100000000)
  region size 1024K, 70 young (71680K), 4 survivors (4096K)
 Metaspace       used 106075K, capacity 109441K, committed 111476K, reserved 1144832K
  class space    used 13865K, capacity 15136K, committed 15872K, reserved 1048576K
}
Event: 23.025 GC heap after
{Heap after GC invocations=36 (full 0):
 garbage-first heap   total 273408K, used 146325K [0x0000000080000000, 0x0000000100000000)
  region size 1024K, 4 young (4096K), 4 survivors (4096K)
 Metaspace       used 106075K, capacity 109441K, committed 111476K, reserved 1144832K
  class space    used 13865K, capacity 15136K, committed 15872K, reserved 1048576K
}
Event: 23.274 GC heap before
{Heap before GC invocations=36 (full 0):
 garbage-first heap   total 273408K, used 198549K [0x0000000080000000, 0x0000000100000000)
  region size 1024K, 57 young (58368K), 4 survivors (4096K)
 Metaspace       used 106098K, capacity 109450K, committed 111476K, reserved 1144832K
  class space    used 13866K, capacity 15137K, committed 15872K, reserved 1048576K
}
Event: 23.293 GC heap after
{Heap after GC invocations=37 (full 0):
 garbage-first heap   total 273408K, used 150705K [0x0000000080000000, 0x0000000100000000)
  region size 1024K, 8 young (8192K), 8 survivors (8192K)
 Metaspace       used 106098K, capacity 109450K, committed 111476K, reserved 1144832K
  class space    used 13866K, capacity 15137K, committed 15872K, reserved 1048576K
}
Event: 23.784 GC heap before
{Heap before GC invocations=38 (full 0):
 garbage-first heap   total 273408K, used 220337K [0x0000000080000000, 0x0000000100000000)
  region size 1024K, 75 young (76800K), 8 survivors (8192K)
 Metaspace       used 106270K, capacity 109650K, committed 111732K, reserved 1144832K
  class space    used 13866K, capacity 15137K, committed 15872K, reserved 1048576K
}
Event: 23.796 GC heap after
{Heap after GC invocations=39 (full 0):
 garbage-first heap   total 273408K, used 155225K [0x0000000080000000, 0x0000000100000000)
  region size 1024K, 9 young (9216K), 9 survivors (9216K)
 Metaspace       used 106270K, capacity 109650K, committed 111732K, reserved 1144832K
  class space    used 13866K, capacity 15137K, committed 15872K, reserved 1048576K
}
Event: 24.017 GC heap before
{Heap before GC invocations=39 (full 0):
 garbage-first heap   total 273408K, used 220761K [0x0000000080000000, 0x0000000100000000)
  region size 1024K, 74 young (75776K), 9 survivors (9216K)
 Metaspace       used 106293K, capacity 109671K, committed 111732K, reserved 1144832K
  class space    used 13869K, capacity 15143K, committed 15872K, reserved 1048576K
}
Event: 24.040 GC heap after
{Heap after GC invocations=40 (full 0):
 garbage-first heap   total 273408K, used 160043K [0x0000000080000000, 0x0000000100000000)
  region size 1024K, 8 young (8192K), 8 survivors (8192K)
 Metaspace       used 106293K, capacity 109671K, committed 111732K, reserved 1144832K
  class space    used 13869K, capacity 15143K, committed 15872K, reserved 1048576K
}
Event: 24.404 GC heap before
{Heap before GC invocations=40 (full 0):
 garbage-first heap   total 273408K, used 223531K [0x0000000080000000, 0x0000000100000000)
  region size 1024K, 71 young (72704K), 8 survivors (8192K)
 Metaspace       used 106360K, capacity 109745K, committed 111732K, reserved 1144832K
  class space    used 13870K, capacity 15144K, committed 15872K, reserved 1048576K
}
Event: 24.421 GC heap after
{Heap after GC invocations=41 (full 0):
 garbage-first heap   total 273408K, used 165592K [0x0000000080000000, 0x0000000100000000)
  region size 1024K, 7 young (7168K), 7 survivors (7168K)
 Metaspace       used 106360K, capacity 109745K, committed 111732K, reserved 1144832K
  class space    used 13870K, capacity 15144K, committed 15872K, reserved 1048576K
}
Event: 24.689 GC heap before
{Heap before GC invocations=42 (full 0):
 garbage-first heap   total 273408K, used 226008K [0x0000000080000000, 0x0000000100000000)
  region size 1024K, 67 young (68608K), 7 survivors (7168K)
 Metaspace       used 106444K, capacity 109841K, committed 111988K, reserved 1144832K
  class space    used 13874K, capacity 15152K, committed 15872K, reserved 1048576K
}
Event: 24.705 GC heap after
{Heap after GC invocations=43 (full 0):
 garbage-first heap   total 329728K, used 169574K [0x0000000080000000, 0x0000000100000000)
  region size 1024K, 5 young (5120K), 5 survivors (5120K)
 Metaspace       used 106444K, capacity 109841K, committed 111988K, reserved 1144832K
  class space    used 13874K, capacity 15152K, committed 15872K, reserved 1048576K
}
Event: 25.182 GC heap before
{Heap before GC invocations=43 (full 0):
 garbage-first heap   total 329728K, used 254566K [0x0000000080000000, 0x0000000100000000)
  region size 1024K, 88 young (90112K), 5 survivors (5120K)
 Metaspace       used 106630K, capacity 109997K, committed 111988K, reserved 1144832K
  class space    used 13877K, capacity 15156K, committed 15872K, reserved 1048576K
}
Event: 25.195 GC heap after
{Heap after GC invocations=44 (full 0):
 garbage-first heap   total 329728K, used 171562K [0x0000000080000000, 0x0000000100000000)
  region size 1024K, 7 young (7168K), 7 survivors (7168K)
 Metaspace       used 106630K, capacity 109997K, committed 111988K, reserved 1144832K
  class space    used 13877K, capacity 15156K, committed 15872K, reserved 1048576K
}
Event: 25.734 GC heap before
{Heap before GC invocations=45 (full 0):
 garbage-first heap   total 329728K, used 260650K [0x0000000080000000, 0x0000000100000000)
  region size 1024K, 94 young (96256K), 7 survivors (7168K)
 Metaspace       used 106825K, capacity 110199K, committed 112244K, reserved 1146880K
  class space    used 13877K, capacity 15156K, committed 15872K, reserved 1048576K
}
Event: 25.749 GC heap after
{Heap after GC invocations=46 (full 0):
 garbage-first heap   total 329728K, used 177193K [0x0000000080000000, 0x0000000100000000)
  region size 1024K, 10 young (10240K), 10 survivors (10240K)
 Metaspace       used 106825K, capacity 110199K, committed 112244K, reserved 1146880K
  class space    used 13877K, capacity 15156K, committed 15872K, reserved 1048576K
}
Event: 26.072 GC heap before
{Heap before GC invocations=46 (full 0):
 garbage-first heap   total 329728K, used 265257K [0x0000000080000000, 0x0000000100000000)
  region size 1024K, 97 young (99328K), 10 survivors (10240K)
 Metaspace       used 107015K, capacity 110412K, committed 112500K, reserved 1146880K
  class space    used 13878K, capacity 15159K, committed 15872K, reserved 1048576K
}
Event: 26.089 GC heap after
{Heap after GC invocations=47 (full 0):
 garbage-first heap   total 329728K, used 181968K [0x0000000080000000, 0x0000000100000000)
  region size 1024K, 12 young (12288K), 12 survivors (12288K)
 Metaspace       used 107015K, capacity 110412K, committed 112500K, reserved 1146880K
  class space    used 13878K, capacity 15159K, committed 15872K, reserved 1048576K
}
Event: 26.433 GC heap before
{Heap before GC invocations=47 (full 0):
 garbage-first heap   total 329728K, used 270032K [0x0000000080000000, 0x0000000100000000)
  region size 1024K, 98 young (100352K), 12 survivors (12288K)
 Metaspace       used 107192K, capacity 110562K, committed 112500K, reserved 1146880K
  class space    used 13881K, capacity 15159K, committed 15872K, reserved 1048576K
}

