# JRE version: OpenJDK Runtime Environment (11.0.15) (build 11.0.15+0-b2043.56-9505619)
# Java VM: OpenJDK 64-Bit Server VM (11.0.15+0-b2043.56-9505619, mixed mode, tiered, compressed oops, g1 gc, windows-amd64)
Heap:
 garbage-first heap   total 412672K, used 339606K [0x0000000080000000, 0x0000000100000000)
  region size 1024K, 152 young (155648K), 3 survivors (3072K)
 Metaspace       used 110030K, capacity 113381K, committed 113524K, reserved 1146880K
  class space    used 14217K, capacity 15512K, committed 15556K, reserved 1048576K
GC Heap History (20 events):
Event: 22.630 GC heap before
{Heap before GC invocations=35 (full 0):
 garbage-first heap   total 273408K, used 223038K [0x0000000080000000, 0x0000000100000000)
  region size 1024K, 65 young (66560K), 6 survivors (6144K)
 Metaspace       used 108318K, capacity 111620K, committed 111988K, reserved 1146880K
  class space    used 14141K, capacity 15425K, committed 15556K, reserved 1048576K
}
Event: 22.641 GC heap after
{Heap after GC invocations=36 (full 0):
 garbage-first heap   total 273408K, used 165647K [0x0000000080000000, 0x0000000100000000)
  region size 1024K, 2 young (2048K), 2 survivors (2048K)
 Metaspace       used 108318K, capacity 111620K, committed 111988K, reserved 1146880K
  class space    used 14141K, capacity 15425K, committed 15556K, reserved 1048576K
}
Event: 22.696 GC heap before
{Heap before GC invocations=36 (full 0):
 garbage-first heap   total 273408K, used 175887K [0x0000000080000000, 0x0000000100000000)
  region size 1024K, 13 young (13312K), 2 survivors (2048K)
 Metaspace       used 108405K, capacity 111748K, committed 111988K, reserved 1146880K
  class space    used 14149K, capacity 15425K, committed 15556K, reserved 1048576K
}
Event: 22.709 GC heap after
{Heap after GC invocations=37 (full 0):
 garbage-first heap   total 273408K, used 160945K [0x0000000080000000, 0x0000000100000000)
  region size 1024K, 2 young (2048K), 2 survivors (2048K)
 Metaspace       used 108405K, capacity 111748K, committed 111988K, reserved 1146880K
  class space    used 14149K, capacity 15425K, committed 15556K, reserved 1048576K
}
Event: 22.975 GC heap before
{Heap before GC invocations=37 (full 0):
 garbage-first heap   total 273408K, used 224433K [0x0000000080000000, 0x0000000100000000)
  region size 1024K, 64 young (65536K), 2 survivors (2048K)
 Metaspace       used 108601K, capacity 111904K, committed 112244K, reserved 1146880K
  class space    used 14161K, capacity 15431K, committed 15556K, reserved 1048576K
}
Event: 22.997 GC heap after
{Heap after GC invocations=38 (full 0):
 garbage-first heap   total 328704K, used 168388K [0x0000000080000000, 0x0000000100000000)
  region size 1024K, 8 young (8192K), 8 survivors (8192K)
 Metaspace       used 108601K, capacity 111904K, committed 112244K, reserved 1146880K
  class space    used 14161K, capacity 15431K, committed 15556K, reserved 1048576K
}
Event: 23.552 GC heap before
{Heap before GC invocations=39 (full 0):
 garbage-first heap   total 328704K, used 250308K [0x0000000080000000, 0x0000000100000000)
  region size 1024K, 88 young (90112K), 8 survivors (8192K)
 Metaspace       used 108519K, capacity 111745K, committed 112244K, reserved 1146880K
  class space    used 14097K, capacity 15329K, committed 15556K, reserved 1048576K
}
Event: 23.565 GC heap after
{Heap after GC invocations=40 (full 0):
 garbage-first heap   total 328704K, used 171966K [0x0000000080000000, 0x0000000100000000)
  region size 1024K, 7 young (7168K), 7 survivors (7168K)
 Metaspace       used 108519K, capacity 111745K, committed 112244K, reserved 1146880K
  class space    used 14097K, capacity 15329K, committed 15556K, reserved 1048576K
}
Event: 23.597 GC heap before
{Heap before GC invocations=40 (full 0):
 garbage-first heap   total 328704K, used 181182K [0x0000000080000000, 0x0000000100000000)
  region size 1024K, 16 young (16384K), 7 survivors (7168K)
 Metaspace       used 108549K, capacity 111756K, committed 112244K, reserved 1146880K
  class space    used 14101K, capacity 15332K, committed 15556K, reserved 1048576K
}
Event: 23.607 GC heap after
{Heap after GC invocations=41 (full 0):
 garbage-first heap   total 328704K, used 172277K [0x0000000080000000, 0x0000000100000000)
  region size 1024K, 2 young (2048K), 2 survivors (2048K)
 Metaspace       used 108549K, capacity 111756K, committed 112244K, reserved 1146880K
  class space    used 14101K, capacity 15332K, committed 15556K, reserved 1048576K
}
Event: 23.902 GC heap before
{Heap before GC invocations=41 (full 0):
 garbage-first heap   total 328704K, used 254197K [0x0000000080000000, 0x0000000100000000)
  region size 1024K, 82 young (83968K), 2 survivors (2048K)
 Metaspace       used 108875K, capacity 112139K, committed 112500K, reserved 1146880K
  class space    used 14171K, capacity 15431K, committed 15556K, reserved 1048576K
}
Event: 23.917 GC heap after
{Heap after GC invocations=42 (full 0):
 garbage-first heap   total 328704K, used 176868K [0x0000000080000000, 0x0000000100000000)
  region size 1024K, 6 young (6144K), 6 survivors (6144K)
 Metaspace       used 108875K, capacity 112139K, committed 112500K, reserved 1146880K
  class space    used 14171K, capacity 15431K, committed 15556K, reserved 1048576K
}
Event: 24.472 GC heap before
{Heap before GC invocations=43 (full 0):
 garbage-first heap   total 328704K, used 259812K [0x0000000080000000, 0x0000000100000000)
  region size 1024K, 87 young (89088K), 6 survivors (6144K)
 Metaspace       used 109270K, capacity 112571K, committed 112756K, reserved 1146880K
  class space    used 14183K, capacity 15442K, committed 15556K, reserved 1048576K
}
Event: 24.490 GC heap after
{Heap after GC invocations=44 (full 0):
 garbage-first heap   total 412672K, used 182082K [0x0000000080000000, 0x0000000100000000)
  region size 1024K, 11 young (11264K), 11 survivors (11264K)
 Metaspace       used 109270K, capacity 112571K, committed 112756K, reserved 1146880K
  class space    used 14183K, capacity 15442K, committed 15556K, reserved 1048576K
}
Event: 24.514 GC heap before
{Heap before GC invocations=44 (full 0):
 garbage-first heap   total 412672K, used 191298K [0x0000000080000000, 0x0000000100000000)
  region size 1024K, 20 young (20480K), 11 survivors (11264K)
 Metaspace       used 109277K, capacity 112581K, committed 112756K, reserved 1146880K
  class space    used 14185K, capacity 15445K, committed 15556K, reserved 1048576K
}
Event: 24.527 GC heap after
{Heap after GC invocations=45 (full 0):
 garbage-first heap   total 412672K, used 182876K [0x0000000080000000, 0x0000000100000000)
  region size 1024K, 2 young (2048K), 2 survivors (2048K)
 Metaspace       used 109277K, capacity 112581K, committed 112756K, reserved 1146880K
  class space    used 14185K, capacity 15445K, committed 15556K, reserved 1048576K
}
Event: 24.975 GC heap before
{Heap before GC invocations=45 (full 0):
 garbage-first heap   total 412672K, used 297564K [0x0000000080000000, 0x0000000100000000)
  region size 1024K, 115 young (117760K), 2 survivors (2048K)
 Metaspace       used 109636K, capacity 112961K, committed 113268K, reserved 1146880K
  class space    used 14206K, capacity 15497K, committed 15556K, reserved 1048576K
}
Event: 24.981 GC heap after
{Heap after GC invocations=46 (full 0):
 garbage-first heap   total 412672K, used 183171K [0x0000000080000000, 0x0000000100000000)
  region size 1024K, 2 young (2048K), 2 survivors (2048K)
 Metaspace       used 109636K, capacity 112961K, committed 113268K, reserved 1146880K
  class space    used 14206K, capacity 15497K, committed 15556K, reserved 1048576K
}
Event: 25.350 GC heap before
{Heap before GC invocations=46 (full 0):
 garbage-first heap   total 412672K, used 330627K [0x0000000080000000, 0x0000000100000000)
  region size 1024K, 148 young (151552K), 2 survivors (2048K)
 Metaspace       used 109854K, capacity 113195K, committed 113268K, reserved 1146880K
  class space    used 14209K, capacity 15502K, committed 15556K, reserved 1048576K
}
Event: 25.355 GC heap after
{Heap after GC invocations=47 (full 0):
 garbage-first heap   total 412672K, used 184982K [0x0000000080000000, 0x0000000100000000)
  region size 1024K, 4 young (4096K), 4 survivors (4096K)
 Metaspace       used 109854K, capacity 113195K, committed 113268K, reserved 1146880K
  class space    used 14209K, capacity 15502K, committed 15556K, reserved 1048576K
}

