# JRE version: OpenJDK Runtime Environment (11.0.15) (build 11.0.15+0-b2043.56-9505619)
# Java VM: OpenJDK 64-Bit Server VM (11.0.15+0-b2043.56-9505619, mixed mode, tiered, compressed oops, g1 gc, windows-amd64)
Heap:
 garbage-first heap   total 746496K, used 237138K [0x0000000080000000, 0x0000000100000000)
  region size 1024K, 3 young (3072K), 3 survivors (3072K)
 Metaspace       used 106144K, capacity 109264K, committed 109940K, reserved 1144832K
  class space    used 13887K, capacity 15072K, committed 15300K, reserved 1048576K
GC Heap History (20 events):
Event: 17.967 GC heap after
{Heap after GC invocations=30 (full 0):
 garbage-first heap   total 227328K, used 145560K [0x0000000080000000, 0x0000000100000000)
  region size 1024K, 6 young (6144K), 6 survivors (6144K)
 Metaspace       used 98967K, capacity 101943K, committed 102516K, reserved 1138688K
  class space    used 12920K, capacity 14047K, committed 14276K, reserved 1048576K
}
Event: 18.181 GC heap before
{Heap before GC invocations=30 (full 0):
 garbage-first heap   total 227328K, used 187544K [0x0000000080000000, 0x0000000100000000)
  region size 1024K, 45 young (46080K), 6 survivors (6144K)
 Metaspace       used 99104K, capacity 101879K, committed 102772K, reserved 1138688K
  class space    used 12919K, capacity 13979K, committed 14276K, reserved 1048576K
}
Event: 18.198 GC heap after
{Heap after GC invocations=31 (full 0):
 garbage-first heap   total 227328K, used 151913K [0x0000000080000000, 0x0000000100000000)
  region size 1024K, 6 young (6144K), 6 survivors (6144K)
 Metaspace       used 99104K, capacity 101879K, committed 102772K, reserved 1138688K
  class space    used 12919K, capacity 13979K, committed 14276K, reserved 1048576K
}
Event: 18.375 GC heap before
{Heap before GC invocations=32 (full 0):
 garbage-first heap   total 227328K, used 187753K [0x0000000080000000, 0x0000000100000000)
  region size 1024K, 41 young (41984K), 6 survivors (6144K)
 Metaspace       used 99479K, capacity 102297K, committed 103412K, reserved 1138688K
  class space    used 12959K, capacity 14011K, committed 14404K, reserved 1048576K
}
Event: 18.397 GC heap after
{Heap after GC invocations=33 (full 0):
 garbage-first heap   total 273408K, used 159727K [0x0000000080000000, 0x0000000100000000)
  region size 1024K, 6 young (6144K), 6 survivors (6144K)
 Metaspace       used 99479K, capacity 102297K, committed 103412K, reserved 1138688K
  class space    used 12959K, capacity 14011K, committed 14404K, reserved 1048576K
}
Event: 18.594 GC heap before
{Heap before GC invocations=33 (full 0):
 garbage-first heap   total 273408K, used 208879K [0x0000000080000000, 0x0000000100000000)
  region size 1024K, 54 young (55296K), 6 survivors (6144K)
 Metaspace       used 100631K, capacity 103450K, committed 104436K, reserved 1138688K
  class space    used 13060K, capacity 14114K, committed 14404K, reserved 1048576K
}
Event: 18.616 GC heap after
{Heap after GC invocations=34 (full 0):
 garbage-first heap   total 273408K, used 168960K [0x0000000080000000, 0x0000000100000000)
  region size 1024K, 7 young (7168K), 7 survivors (7168K)
 Metaspace       used 100631K, capacity 103450K, committed 104436K, reserved 1138688K
  class space    used 13060K, capacity 14114K, committed 14404K, reserved 1048576K
}
Event: 18.719 GC heap before
{Heap before GC invocations=34 (full 0):
 garbage-first heap   total 273408K, used 216064K [0x0000000080000000, 0x0000000100000000)
  region size 1024K, 53 young (54272K), 7 survivors (7168K)
 Metaspace       used 100996K, capacity 103967K, committed 104564K, reserved 1138688K
  class space    used 13152K, capacity 14307K, committed 14532K, reserved 1048576K
}
Event: 18.737 GC heap after
{Heap after GC invocations=35 (full 0):
 garbage-first heap   total 273408K, used 178053K [0x0000000080000000, 0x0000000100000000)
  region size 1024K, 7 young (7168K), 7 survivors (7168K)
 Metaspace       used 100996K, capacity 103967K, committed 104564K, reserved 1138688K
  class space    used 13152K, capacity 14307K, committed 14532K, reserved 1048576K
}
Event: 18.936 GC heap before
{Heap before GC invocations=35 (full 0):
 garbage-first heap   total 273408K, used 221061K [0x0000000080000000, 0x0000000100000000)
  region size 1024K, 50 young (51200K), 7 survivors (7168K)
 Metaspace       used 101728K, capacity 104856K, committed 105076K, reserved 1140736K
  class space    used 13256K, capacity 14468K, committed 14532K, reserved 1048576K
}
Event: 18.955 GC heap after
{Heap after GC invocations=36 (full 0):
 garbage-first heap   total 273408K, used 186140K [0x0000000080000000, 0x0000000100000000)
  region size 1024K, 7 young (7168K), 7 survivors (7168K)
 Metaspace       used 101728K, capacity 104856K, committed 105076K, reserved 1140736K
  class space    used 13256K, capacity 14468K, committed 14532K, reserved 1048576K
}
Event: 19.060 GC heap before
{Heap before GC invocations=36 (full 0):
 garbage-first heap   total 273408K, used 226076K [0x0000000080000000, 0x0000000100000000)
  region size 1024K, 46 young (47104K), 7 survivors (7168K)
 Metaspace       used 101678K, capacity 104691K, committed 105076K, reserved 1140736K
  class space    used 13233K, capacity 14391K, committed 14532K, reserved 1048576K
}
Event: 19.083 GC heap after
{Heap after GC invocations=37 (full 0):
 garbage-first heap   total 408576K, used 193441K [0x0000000080000000, 0x0000000100000000)
  region size 1024K, 6 young (6144K), 6 survivors (6144K)
 Metaspace       used 101678K, capacity 104691K, committed 105076K, reserved 1140736K
  class space    used 13233K, capacity 14391K, committed 14532K, reserved 1048576K
}
Event: 19.296 GC heap before
{Heap before GC invocations=38 (full 0):
 garbage-first heap   total 408576K, used 272289K [0x0000000080000000, 0x0000000100000000)
  region size 1024K, 84 young (86016K), 6 survivors (6144K)
 Metaspace       used 102244K, capacity 105358K, committed 105716K, reserved 1140736K
  class space    used 13312K, capacity 14509K, committed 14660K, reserved 1048576K
}
Event: 19.323 GC heap after
{Heap after GC invocations=39 (full 0):
 garbage-first heap   total 408576K, used 206848K [0x0000000080000000, 0x0000000100000000)
  region size 1024K, 11 young (11264K), 11 survivors (11264K)
 Metaspace       used 102244K, capacity 105358K, committed 105716K, reserved 1140736K
  class space    used 13312K, capacity 14509K, committed 14660K, reserved 1048576K
}
Event: 19.550 GC heap before
{Heap before GC invocations=39 (full 0):
 garbage-first heap   total 408576K, used 286719K [0x0000000080000000, 0x0000000100000000)
  region size 1024K, 89 young (91136K), 11 survivors (11264K)
 Metaspace       used 103182K, capacity 106343K, committed 106612K, reserved 1140736K
  class space    used 13493K, capacity 14707K, committed 14788K, reserved 1048576K
}
Event: 19.592 GC heap after
{Heap after GC invocations=40 (full 0):
 garbage-first heap   total 408576K, used 220537K [0x0000000080000000, 0x0000000100000000)
  region size 1024K, 12 young (12288K), 12 survivors (12288K)
 Metaspace       used 103182K, capacity 106343K, committed 106612K, reserved 1140736K
  class space    used 13493K, capacity 14707K, committed 14788K, reserved 1048576K
}
Event: 19.947 GC heap before
{Heap before GC invocations=40 (full 0):
 garbage-first heap   total 408576K, used 299385K [0x0000000080000000, 0x0000000100000000)
  region size 1024K, 89 young (91136K), 12 survivors (12288K)
 Metaspace       used 104608K, capacity 107921K, committed 108148K, reserved 1142784K
  class space    used 13697K, capacity 14949K, committed 15044K, reserved 1048576K
}
Event: 19.974 GC heap after
{Heap after GC invocations=41 (full 0):
 garbage-first heap   total 408576K, used 234004K [0x0000000080000000, 0x0000000100000000)
  region size 1024K, 12 young (12288K), 12 survivors (12288K)
 Metaspace       used 104608K, capacity 107921K, committed 108148K, reserved 1142784K
  class space    used 13697K, capacity 14949K, committed 15044K, reserved 1048576K
}
Event: 20.730 GC heap before
{Heap before GC invocations=42 (full 0):
 garbage-first heap   total 408576K, used 310804K [0x0000000080000000, 0x0000000100000000)
  region size 1024K, 87 young (89088K), 12 survivors (12288K)
 Metaspace       used 106144K, capacity 109264K, committed 109940K, reserved 1144832K
  class space    used 13887K, capacity 15072K, committed 15300K, reserved 1048576K
}

