# JRE version: OpenJDK Runtime Environment (11.0.15) (build 11.0.15+0-b2043.56-9505619)
# Java VM: OpenJDK 64-Bit Server VM (11.0.15+0-b2043.56-9505619, mixed mode, tiered, compressed oops, g1 gc, windows-amd64)
Heap:
 garbage-first heap   total 413696K, used 290366K [0x0000000080000000, 0x0000000100000000)
  region size 1024K, 3 young (3072K), 3 survivors (3072K)
 Metaspace       used 148239K, capacity 152867K, committed 152988K, reserved 1181696K
  class space    used 18563K, capacity 20267K, committed 20300K, reserved 1048576K
GC Heap History (20 events):
Event: 998.897 GC heap after
{Heap after GC invocations=122 (full 0):
 garbage-first heap   total 344064K, used 237210K [0x0000000080000000, 0x0000000100000000)
  region size 1024K, 9 young (9216K), 9 survivors (9216K)
 Metaspace       used 140284K, capacity 144416K, committed 144540K, reserved 1175552K
  class space    used 17407K, capacity 18904K, committed 19020K, reserved 1048576K
}
Event: 999.032 GC heap before
{Heap before GC invocations=122 (full 0):
 garbage-first heap   total 344064K, used 291482K [0x0000000080000000, 0x0000000100000000)
  region size 1024K, 63 young (64512K), 9 survivors (9216K)
 Metaspace       used 140879K, capacity 145013K, committed 145052K, reserved 1175552K
  class space    used 17496K, capacity 19014K, committed 19020K, reserved 1048576K
}
Event: 999.054 GC heap after
{Heap after GC invocations=123 (full 0):
 garbage-first heap   total 344064K, used 250878K [0x0000000080000000, 0x0000000100000000)
  region size 1024K, 8 young (8192K), 8 survivors (8192K)
 Metaspace       used 140879K, capacity 145013K, committed 145052K, reserved 1175552K
  class space    used 17496K, capacity 19014K, committed 19020K, reserved 1048576K
}
Event: 999.245 GC heap before
{Heap before GC invocations=123 (full 0):
 garbage-first heap   total 344064K, used 292862K [0x0000000080000000, 0x0000000100000000)
  region size 1024K, 48 young (49152K), 8 survivors (8192K)
 Metaspace       used 141978K, capacity 146219K, committed 146332K, reserved 1177600K
  class space    used 17662K, capacity 19223K, committed 19276K, reserved 1048576K
}
Event: 999.250 GC heap after
{Heap after GC invocations=124 (full 0):
 garbage-first heap   total 344064K, used 253972K [0x0000000080000000, 0x0000000100000000)
  region size 1024K, 4 young (4096K), 4 survivors (4096K)
 Metaspace       used 141978K, capacity 146219K, committed 146332K, reserved 1177600K
  class space    used 17662K, capacity 19223K, committed 19276K, reserved 1048576K
}
Event: 999.476 GC heap before
{Heap before GC invocations=124 (full 0):
 garbage-first heap   total 344064K, used 292884K [0x0000000080000000, 0x0000000100000000)
  region size 1024K, 43 young (44032K), 4 survivors (4096K)
 Metaspace       used 144142K, capacity 148450K, committed 148764K, reserved 1179648K
  class space    used 17936K, capacity 19533K, committed 19660K, reserved 1048576K
}
Event: 999.488 GC heap after
{Heap after GC invocations=125 (full 0):
 garbage-first heap   total 344064K, used 260283K [0x0000000080000000, 0x0000000100000000)
  region size 1024K, 6 young (6144K), 6 survivors (6144K)
 Metaspace       used 144142K, capacity 148450K, committed 148764K, reserved 1179648K
  class space    used 17936K, capacity 19533K, committed 19660K, reserved 1048576K
}
Event: 999.681 GC heap before
{Heap before GC invocations=125 (full 0):
 garbage-first heap   total 344064K, used 294075K [0x0000000080000000, 0x0000000100000000)
  region size 1024K, 39 young (39936K), 6 survivors (6144K)
 Metaspace       used 145617K, capacity 150013K, committed 150300K, reserved 1179648K
  class space    used 18170K, capacity 19810K, committed 19916K, reserved 1048576K
}
Event: 999.696 GC heap after
{Heap after GC invocations=126 (full 0):
 garbage-first heap   total 344064K, used 266141K [0x0000000080000000, 0x0000000100000000)
  region size 1024K, 5 young (5120K), 5 survivors (5120K)
 Metaspace       used 145617K, capacity 150013K, committed 150300K, reserved 1179648K
  class space    used 18170K, capacity 19810K, committed 19916K, reserved 1048576K
}
Event: 999.870 GC heap before
{Heap before GC invocations=126 (full 0):
 garbage-first heap   total 344064K, used 297885K [0x0000000080000000, 0x0000000100000000)
  region size 1024K, 37 young (37888K), 5 survivors (5120K)
 Metaspace       used 146801K, capacity 151270K, committed 151452K, reserved 1181696K
  class space    used 18363K, capacity 20023K, committed 20044K, reserved 1048576K
}
Event: 999.880 GC heap after
{Heap after GC invocations=127 (full 0):
 garbage-first heap   total 344064K, used 272067K [0x0000000080000000, 0x0000000100000000)
  region size 1024K, 5 young (5120K), 5 survivors (5120K)
 Metaspace       used 146801K, capacity 151270K, committed 151452K, reserved 1181696K
  class space    used 18363K, capacity 20023K, committed 20044K, reserved 1048576K
}
Event: 999.933 GC heap before
{Heap before GC invocations=127 (full 0):
 garbage-first heap   total 344064K, used 297667K [0x0000000080000000, 0x0000000100000000)
  region size 1024K, 30 young (30720K), 5 survivors (5120K)
 Metaspace       used 147240K, capacity 151788K, committed 152092K, reserved 1181696K
  class space    used 18418K, capacity 20109K, committed 20172K, reserved 1048576K
}
Event: 999.944 GC heap after
{Heap after GC invocations=128 (full 0):
 garbage-first heap   total 344064K, used 276878K [0x0000000080000000, 0x0000000100000000)
  region size 1024K, 4 young (4096K), 4 survivors (4096K)
 Metaspace       used 147240K, capacity 151788K, committed 152092K, reserved 1181696K
  class space    used 18418K, capacity 20109K, committed 20172K, reserved 1048576K
}
Event: 999.988 GC heap before
{Heap before GC invocations=128 (full 0):
 garbage-first heap   total 344064K, used 299406K [0x0000000080000000, 0x0000000100000000)
  region size 1024K, 26 young (26624K), 4 survivors (4096K)
 Metaspace       used 147439K, capacity 151998K, committed 152092K, reserved 1181696K
  class space    used 18447K, capacity 20114K, committed 20172K, reserved 1048576K
}
Event: 999.995 GC heap after
{Heap after GC invocations=129 (full 0):
 garbage-first heap   total 344064K, used 281240K [0x0000000080000000, 0x0000000100000000)
  region size 1024K, 4 young (4096K), 4 survivors (4096K)
 Metaspace       used 147439K, capacity 151998K, committed 152092K, reserved 1181696K
  class space    used 18447K, capacity 20114K, committed 20172K, reserved 1048576K
}
Event: 1000.055 GC heap before
{Heap before GC invocations=129 (full 0):
 garbage-first heap   total 344064K, used 300696K [0x0000000080000000, 0x0000000100000000)
  region size 1024K, 23 young (23552K), 4 survivors (4096K)
 Metaspace       used 147681K, capacity 152243K, committed 152348K, reserved 1181696K
  class space    used 18485K, capacity 20171K, committed 20172K, reserved 1048576K
}
Event: 1000.063 GC heap after
{Heap after GC invocations=130 (full 0):
 garbage-first heap   total 344064K, used 284378K [0x0000000080000000, 0x0000000100000000)
  region size 1024K, 3 young (3072K), 3 survivors (3072K)
 Metaspace       used 147681K, capacity 152243K, committed 152348K, reserved 1181696K
  class space    used 18485K, capacity 20171K, committed 20172K, reserved 1048576K
}
Event: 1000.108 GC heap before
{Heap before GC invocations=130 (full 0):
 garbage-first heap   total 344064K, used 301786K [0x0000000080000000, 0x0000000100000000)
  region size 1024K, 20 young (20480K), 3 survivors (3072K)
 Metaspace       used 147954K, capacity 152531K, committed 152732K, reserved 1181696K
  class space    used 18519K, capacity 20222K, committed 20300K, reserved 1048576K
}
Event: 1000.114 GC heap after
{Heap after GC invocations=131 (full 0):
 garbage-first heap   total 344064K, used 287606K [0x0000000080000000, 0x0000000100000000)
  region size 1024K, 3 young (3072K), 3 survivors (3072K)
 Metaspace       used 147954K, capacity 152531K, committed 152732K, reserved 1181696K
  class space    used 18519K, capacity 20222K, committed 20300K, reserved 1048576K
}
Event: 1000.153 GC heap before
{Heap before GC invocations=131 (full 0):
 garbage-first heap   total 344064K, used 302966K [0x0000000080000000, 0x0000000100000000)
  region size 1024K, 18 young (18432K), 3 survivors (3072K)
 Metaspace       used 148239K, capacity 152867K, committed 152988K, reserved 1181696K
  class space    used 18563K, capacity 20267K, committed 20300K, reserved 1048576K
}

