# JRE version: OpenJDK Runtime Environment (11.0.15) (build 11.0.15+0-b2043.56-9505619)
# Java VM: OpenJDK 64-Bit Server VM (11.0.15+0-b2043.56-9505619, mixed mode, tiered, compressed oops, g1 gc, windows-amd64)
Heap:
 garbage-first heap   total 328704K, used 259508K [0x0000000080000000, 0x0000000100000000)
  region size 1024K, 11 young (11264K), 5 survivors (5120K)
 Metaspace       used 154121K, capacity 158707K, committed 158876K, reserved 1187840K
  class space    used 19641K, capacity 21305K, committed 21324K, reserved 1048576K
GC Heap History (20 events):
Event: 240.833 GC heap before
{Heap before GC invocations=110 (full 0):
 garbage-first heap   total 328704K, used 280459K [0x0000000080000000, 0x0000000100000000)
  region size 1024K, 46 young (47104K), 1 survivors (1024K)
 Metaspace       used 151046K, capacity 155587K, committed 155804K, reserved 1183744K
  class space    used 19322K, capacity 20947K, committed 21068K, reserved 1048576K
}
Event: 240.838 GC heap after
{Heap after GC invocations=111 (full 0):
 garbage-first heap   total 328704K, used 237910K [0x0000000080000000, 0x0000000100000000)
  region size 1024K, 5 young (5120K), 5 survivors (5120K)
 Metaspace       used 151046K, capacity 155587K, committed 155804K, reserved 1183744K
  class space    used 19322K, capacity 20947K, committed 21068K, reserved 1048576K
}
Event: 240.926 GC heap before
{Heap before GC invocations=111 (full 0):
 garbage-first heap   total 328704K, used 282966K [0x0000000080000000, 0x0000000100000000)
  region size 1024K, 48 young (49152K), 5 survivors (5120K)
 Metaspace       used 151279K, capacity 155881K, committed 156060K, reserved 1183744K
  class space    used 19344K, capacity 20981K, committed 21068K, reserved 1048576K
}
Event: 240.933 GC heap after
{Heap after GC invocations=112 (full 0):
 garbage-first heap   total 328704K, used 242526K [0x0000000080000000, 0x0000000100000000)
  region size 1024K, 5 young (5120K), 5 survivors (5120K)
 Metaspace       used 151279K, capacity 155881K, committed 156060K, reserved 1183744K
  class space    used 19344K, capacity 20981K, committed 21068K, reserved 1048576K
}
Event: 241.064 GC heap before
{Heap before GC invocations=112 (full 0):
 garbage-first heap   total 328704K, used 283486K [0x0000000080000000, 0x0000000100000000)
  region size 1024K, 45 young (46080K), 5 survivors (5120K)
 Metaspace       used 151322K, capacity 155945K, committed 156060K, reserved 1183744K
  class space    used 19344K, capacity 20981K, committed 21068K, reserved 1048576K
}
Event: 241.067 GC heap after
{Heap after GC invocations=113 (full 0):
 garbage-first heap   total 328704K, used 242601K [0x0000000080000000, 0x0000000100000000)
  region size 1024K, 1 young (1024K), 1 survivors (1024K)
 Metaspace       used 151322K, capacity 155945K, committed 156060K, reserved 1183744K
  class space    used 19344K, capacity 20981K, committed 21068K, reserved 1048576K
}
Event: 241.677 GC heap before
{Heap before GC invocations=113 (full 0):
 garbage-first heap   total 328704K, used 283561K [0x0000000080000000, 0x0000000100000000)
  region size 1024K, 42 young (43008K), 1 survivors (1024K)
 Metaspace       used 151420K, capacity 155983K, committed 156316K, reserved 1185792K
  class space    used 19349K, capacity 20987K, committed 21068K, reserved 1048576K
}
Event: 241.680 GC heap after
{Heap after GC invocations=114 (full 0):
 garbage-first heap   total 328704K, used 243087K [0x0000000080000000, 0x0000000100000000)
  region size 1024K, 1 young (1024K), 1 survivors (1024K)
 Metaspace       used 151420K, capacity 155983K, committed 156316K, reserved 1185792K
  class space    used 19349K, capacity 20987K, committed 21068K, reserved 1048576K
}
Event: 242.848 GC heap before
{Heap before GC invocations=114 (full 0):
 garbage-first heap   total 328704K, used 285070K [0x0000000080000000, 0x0000000100000000)
  region size 1024K, 43 young (44032K), 1 survivors (1024K)
 Metaspace       used 151481K, capacity 156066K, committed 156316K, reserved 1185792K
  class space    used 19350K, capacity 20990K, committed 21068K, reserved 1048576K
}
Event: 242.852 GC heap after
{Heap after GC invocations=115 (full 0):
 garbage-first heap   total 328704K, used 243570K [0x0000000080000000, 0x0000000100000000)
  region size 1024K, 2 young (2048K), 2 survivors (2048K)
 Metaspace       used 151481K, capacity 156066K, committed 156316K, reserved 1185792K
  class space    used 19350K, capacity 20990K, committed 21068K, reserved 1048576K
}
Event: 243.868 GC heap before
{Heap before GC invocations=115 (full 0):
 garbage-first heap   total 328704K, used 285554K [0x0000000080000000, 0x0000000100000000)
  region size 1024K, 44 young (45056K), 2 survivors (2048K)
 Metaspace       used 151524K, capacity 156070K, committed 156316K, reserved 1185792K
  class space    used 19352K, capacity 20990K, committed 21068K, reserved 1048576K
}
Event: 243.871 GC heap after
{Heap after GC invocations=116 (full 0):
 garbage-first heap   total 328704K, used 244605K [0x0000000080000000, 0x0000000100000000)
  region size 1024K, 3 young (3072K), 3 survivors (3072K)
 Metaspace       used 151524K, capacity 156070K, committed 156316K, reserved 1185792K
  class space    used 19352K, capacity 20990K, committed 21068K, reserved 1048576K
}
Event: 244.315 GC heap before
{Heap before GC invocations=116 (full 0):
 garbage-first heap   total 328704K, used 285565K [0x0000000080000000, 0x0000000100000000)
  region size 1024K, 44 young (45056K), 3 survivors (3072K)
 Metaspace       used 151922K, capacity 156489K, committed 156572K, reserved 1185792K
  class space    used 19399K, capacity 21022K, committed 21068K, reserved 1048576K
}
Event: 244.320 GC heap after
{Heap after GC invocations=117 (full 0):
 garbage-first heap   total 328704K, used 246524K [0x0000000080000000, 0x0000000100000000)
  region size 1024K, 5 young (5120K), 5 survivors (5120K)
 Metaspace       used 151922K, capacity 156489K, committed 156572K, reserved 1185792K
  class space    used 19399K, capacity 21022K, committed 21068K, reserved 1048576K
}
Event: 244.701 GC heap before
{Heap before GC invocations=117 (full 0):
 garbage-first heap   total 328704K, used 286460K [0x0000000080000000, 0x0000000100000000)
  region size 1024K, 45 young (46080K), 5 survivors (5120K)
 Metaspace       used 152537K, capacity 157074K, committed 157212K, reserved 1185792K
  class space    used 19458K, capacity 21088K, committed 21196K, reserved 1048576K
}
Event: 244.707 GC heap after
{Heap after GC invocations=118 (full 0):
 garbage-first heap   total 328704K, used 247630K [0x0000000080000000, 0x0000000100000000)
  region size 1024K, 4 young (4096K), 4 survivors (4096K)
 Metaspace       used 152537K, capacity 157074K, committed 157212K, reserved 1185792K
  class space    used 19458K, capacity 21088K, committed 21196K, reserved 1048576K
}
Event: 259.502 GC heap before
{Heap before GC invocations=118 (full 0):
 garbage-first heap   total 328704K, used 287566K [0x0000000080000000, 0x0000000100000000)
  region size 1024K, 43 young (44032K), 4 survivors (4096K)
 Metaspace       used 153014K, capacity 157567K, committed 157724K, reserved 1185792K
  class space    used 19514K, capacity 21158K, committed 21196K, reserved 1048576K
}
Event: 259.509 GC heap after
{Heap after GC invocations=119 (full 0):
 garbage-first heap   total 328704K, used 250558K [0x0000000080000000, 0x0000000100000000)
  region size 1024K, 6 young (6144K), 6 survivors (6144K)
 Metaspace       used 153014K, capacity 157567K, committed 157724K, reserved 1185792K
  class space    used 19514K, capacity 21158K, committed 21196K, reserved 1048576K
}
Event: 260.045 GC heap before
{Heap before GC invocations=119 (full 0):
 garbage-first heap   total 328704K, used 286398K [0x0000000080000000, 0x0000000100000000)
  region size 1024K, 42 young (43008K), 6 survivors (6144K)
 Metaspace       used 153827K, capacity 158409K, committed 158620K, reserved 1187840K
  class space    used 19607K, capacity 21272K, committed 21324K, reserved 1048576K
}
Event: 260.057 GC heap after
{Heap after GC invocations=120 (full 0):
 garbage-first heap   total 328704K, used 254388K [0x0000000080000000, 0x0000000100000000)
  region size 1024K, 5 young (5120K), 5 survivors (5120K)
 Metaspace       used 153827K, capacity 158409K, committed 158620K, reserved 1187840K
  class space    used 19607K, capacity 21272K, committed 21324K, reserved 1048576K
}

