# JRE version: OpenJDK Runtime Environment (11.0.15) (build 11.0.15+0-b2043.56-9505619)
# Java VM: OpenJDK 64-Bit Server VM (11.0.15+0-b2043.56-9505619, mixed mode, tiered, compressed oops, g1 gc, windows-amd64)
Heap:
 garbage-first heap   total 409600K, used 267210K [0x0000000080000000, 0x0000000100000000)
  region size 1024K, 2 young (2048K), 2 survivors (2048K)
 Metaspace       used 131582K, capacity 136042K, committed 136880K, reserved 1167360K
  class space    used 17060K, capacity 18689K, committed 18944K, reserved 1048576K
GC Heap History (20 events):
Event: 34.394 GC heap after
{Heap after GC invocations=84 (full 0):
 garbage-first heap   total 340992K, used 221712K [0x0000000080000000, 0x0000000100000000)
  region size 1024K, 6 young (6144K), 6 survivors (6144K)
 Metaspace       used 118544K, capacity 122168K, committed 122416K, reserved 1155072K
  class space    used 15147K, capacity 16423K, committed 16512K, reserved 1048576K
}
Event: 34.915 GC heap before
{Heap before GC invocations=84 (full 0):
 garbage-first heap   total 340992K, used 281104K [0x0000000080000000, 0x0000000100000000)
  region size 1024K, 65 young (66560K), 6 survivors (6144K)
 Metaspace       used 118735K, capacity 122279K, committed 122416K, reserved 1155072K
  class space    used 15161K, capacity 16433K, committed 16512K, reserved 1048576K
}
Event: 34.932 GC heap after
{Heap after GC invocations=85 (full 0):
 garbage-first heap   total 340992K, used 225667K [0x0000000080000000, 0x0000000100000000)
  region size 1024K, 4 young (4096K), 4 survivors (4096K)
 Metaspace       used 118735K, capacity 122279K, committed 122416K, reserved 1155072K
  class space    used 15161K, capacity 16433K, committed 16512K, reserved 1048576K
}
Event: 35.385 GC heap before
{Heap before GC invocations=86 (full 0):
 garbage-first heap   total 340992K, used 284035K [0x0000000080000000, 0x0000000100000000)
  region size 1024K, 62 young (63488K), 4 survivors (4096K)
 Metaspace       used 120671K, capacity 124466K, committed 124592K, reserved 1157120K
  class space    used 15454K, capacity 16781K, committed 16896K, reserved 1048576K
}
Event: 35.396 GC heap after
{Heap after GC invocations=87 (full 0):
 garbage-first heap   total 340992K, used 238130K [0x0000000080000000, 0x0000000100000000)
  region size 1024K, 8 young (8192K), 8 survivors (8192K)
 Metaspace       used 120671K, capacity 124466K, committed 124592K, reserved 1157120K
  class space    used 15454K, capacity 16781K, committed 16896K, reserved 1048576K
}
Event: 35.553 GC heap before
{Heap before GC invocations=87 (full 0):
 garbage-first heap   total 340992K, used 245298K [0x0000000080000000, 0x0000000100000000)
  region size 1024K, 16 young (16384K), 8 survivors (8192K)
 Metaspace       used 121946K, capacity 125807K, committed 126128K, reserved 1159168K
  class space    used 15648K, capacity 17037K, committed 17152K, reserved 1048576K
}
Event: 35.559 GC heap after
{Heap after GC invocations=88 (full 0):
 garbage-first heap   total 340992K, used 237777K [0x0000000080000000, 0x0000000100000000)
  region size 1024K, 2 young (2048K), 2 survivors (2048K)
 Metaspace       used 121946K, capacity 125807K, committed 126128K, reserved 1159168K
  class space    used 15648K, capacity 17037K, committed 17152K, reserved 1048576K
}
Event: 36.005 GC heap before
{Heap before GC invocations=88 (full 0):
 garbage-first heap   total 340992K, used 284881K [0x0000000080000000, 0x0000000100000000)
  region size 1024K, 49 young (50176K), 2 survivors (2048K)
 Metaspace       used 125157K, capacity 129285K, committed 129456K, reserved 1161216K
  class space    used 16122K, capacity 17617K, committed 17664K, reserved 1048576K
}
Event: 36.026 GC heap after
{Heap after GC invocations=89 (full 0):
 garbage-first heap   total 340992K, used 245760K [0x0000000080000000, 0x0000000100000000)
  region size 1024K, 7 young (7168K), 7 survivors (7168K)
 Metaspace       used 125157K, capacity 129285K, committed 129456K, reserved 1161216K
  class space    used 16122K, capacity 17617K, committed 17664K, reserved 1048576K
}
Event: 36.505 GC heap before
{Heap before GC invocations=90 (full 0):
 garbage-first heap   total 340992K, used 286720K [0x0000000080000000, 0x0000000100000000)
  region size 1024K, 48 young (49152K), 7 survivors (7168K)
 Metaspace       used 126601K, capacity 130670K, committed 130992K, reserved 1163264K
  class space    used 16301K, capacity 17774K, committed 17920K, reserved 1048576K
}
Event: 36.527 GC heap after
{Heap after GC invocations=91 (full 0):
 garbage-first heap   total 340992K, used 252519K [0x0000000080000000, 0x0000000100000000)
  region size 1024K, 6 young (6144K), 6 survivors (6144K)
 Metaspace       used 126601K, capacity 130670K, committed 130992K, reserved 1163264K
  class space    used 16301K, capacity 17774K, committed 17920K, reserved 1048576K
}
Event: 36.583 GC heap before
{Heap before GC invocations=91 (full 0):
 garbage-first heap   total 340992K, used 261735K [0x0000000080000000, 0x0000000100000000)
  region size 1024K, 16 young (16384K), 6 survivors (6144K)
 Metaspace       used 126930K, capacity 130982K, committed 131248K, reserved 1163264K
  class space    used 16323K, capacity 17794K, committed 17920K, reserved 1048576K
}
Event: 36.598 GC heap after
{Heap after GC invocations=92 (full 0):
 garbage-first heap   total 340992K, used 248990K [0x0000000080000000, 0x0000000100000000)
  region size 1024K, 2 young (2048K), 2 survivors (2048K)
 Metaspace       used 126930K, capacity 130982K, committed 131248K, reserved 1163264K
  class space    used 16323K, capacity 17794K, committed 17920K, reserved 1048576K
}
Event: 36.844 GC heap before
{Heap before GC invocations=92 (full 0):
 garbage-first heap   total 340992K, used 287902K [0x0000000080000000, 0x0000000100000000)
  region size 1024K, 40 young (40960K), 2 survivors (2048K)
 Metaspace       used 128747K, capacity 133285K, committed 133552K, reserved 1165312K
  class space    used 16667K, capacity 18357K, committed 18432K, reserved 1048576K
}
Event: 36.860 GC heap after
{Heap after GC invocations=93 (full 0):
 garbage-first heap   total 340992K, used 254375K [0x0000000080000000, 0x0000000100000000)
  region size 1024K, 5 young (5120K), 5 survivors (5120K)
 Metaspace       used 128747K, capacity 133285K, committed 133552K, reserved 1165312K
  class space    used 16667K, capacity 18357K, committed 18432K, reserved 1048576K
}
Event: 37.068 GC heap before
{Heap before GC invocations=93 (full 0):
 garbage-first heap   total 340992K, used 290215K [0x0000000080000000, 0x0000000100000000)
  region size 1024K, 40 young (40960K), 5 survivors (5120K)
 Metaspace       used 129945K, capacity 134545K, committed 134832K, reserved 1165312K
  class space    used 16890K, capacity 18604K, committed 18688K, reserved 1048576K
}
Event: 37.081 GC heap after
{Heap after GC invocations=94 (full 0):
 garbage-first heap   total 340992K, used 259752K [0x0000000080000000, 0x0000000100000000)
  region size 1024K, 5 young (5120K), 5 survivors (5120K)
 Metaspace       used 129945K, capacity 134545K, committed 134832K, reserved 1165312K
  class space    used 16890K, capacity 18604K, committed 18688K, reserved 1048576K
}
Event: 37.338 GC heap before
{Heap before GC invocations=94 (full 0):
 garbage-first heap   total 340992K, used 291496K [0x0000000080000000, 0x0000000100000000)
  region size 1024K, 37 young (37888K), 5 survivors (5120K)
 Metaspace       used 130413K, capacity 134777K, committed 135728K, reserved 1167360K
  class space    used 16876K, capacity 18472K, committed 18816K, reserved 1048576K
}
Event: 37.354 GC heap after
{Heap after GC invocations=95 (full 0):
 garbage-first heap   total 340992K, used 265042K [0x0000000080000000, 0x0000000100000000)
  region size 1024K, 5 young (5120K), 5 survivors (5120K)
 Metaspace       used 130413K, capacity 134777K, committed 135728K, reserved 1167360K
  class space    used 16876K, capacity 18472K, committed 18816K, reserved 1048576K
}
Event: 37.665 GC heap before
{Heap before GC invocations=96 (full 0):
 garbage-first heap   total 340992K, used 294738K [0x0000000080000000, 0x0000000100000000)
  region size 1024K, 34 young (34816K), 5 survivors (5120K)
 Metaspace       used 131582K, capacity 136042K, committed 136880K, reserved 1167360K
  class space    used 17060K, capacity 18689K, committed 18944K, reserved 1048576K
}

