# JRE version: OpenJDK Runtime Environment (11.0.15) (build 11.0.15+0-b2043.56-9505619)
# Java VM: OpenJDK 64-Bit Server VM (11.0.15+0-b2043.56-9505619, mixed mode, tiered, compressed oops, g1 gc, windows-amd64)
Heap:
 garbage-first heap   total 599040K, used 257580K [0x0000000080000000, 0x0000000100000000)
  region size 1024K, 4 young (4096K), 4 survivors (4096K)
 Metaspace       used 134674K, capacity 139601K, committed 139676K, reserved 1169408K
  class space    used 17128K, capacity 19005K, committed 19020K, reserved 1048576K
GC Heap History (20 events):
Event: 59.381 GC heap after
{Heap after GC invocations=98 (full 0):
 garbage-first heap   total 328704K, used 233646K [0x0000000080000000, 0x0000000100000000)
  region size 1024K, 4 young (4096K), 4 survivors (4096K)
 Metaspace       used 124992K, capacity 129381K, committed 129564K, reserved 1161216K
  class space    used 15744K, capacity 17330K, committed 17356K, reserved 1048576K
}
Event: 59.574 GC heap before
{Heap before GC invocations=98 (full 0):
 garbage-first heap   total 328704K, used 274606K [0x0000000080000000, 0x0000000100000000)
  region size 1024K, 45 young (46080K), 4 survivors (4096K)
 Metaspace       used 125610K, capacity 129943K, committed 130204K, reserved 1163264K
  class space    used 15835K, capacity 17431K, committed 17484K, reserved 1048576K
}
Event: 59.581 GC heap after
{Heap after GC invocations=99 (full 0):
 garbage-first heap   total 328704K, used 242207K [0x0000000080000000, 0x0000000100000000)
  region size 1024K, 6 young (6144K), 6 survivors (6144K)
 Metaspace       used 125610K, capacity 129943K, committed 130204K, reserved 1163264K
  class space    used 15835K, capacity 17431K, committed 17484K, reserved 1048576K
}
Event: 59.760 GC heap before
{Heap before GC invocations=99 (full 0):
 garbage-first heap   total 328704K, used 277023K [0x0000000080000000, 0x0000000100000000)
  region size 1024K, 41 young (41984K), 6 survivors (6144K)
 Metaspace       used 126460K, capacity 130783K, committed 131100K, reserved 1163264K
  class space    used 15937K, capacity 17500K, committed 17612K, reserved 1048576K
}
Event: 59.767 GC heap after
{Heap after GC invocations=100 (full 0):
 garbage-first heap   total 328704K, used 247496K [0x0000000080000000, 0x0000000100000000)
  region size 1024K, 6 young (6144K), 6 survivors (6144K)
 Metaspace       used 126460K, capacity 130783K, committed 131100K, reserved 1163264K
  class space    used 15937K, capacity 17500K, committed 17612K, reserved 1048576K
}
Event: 59.949 GC heap before
{Heap before GC invocations=101 (full 0):
 garbage-first heap   total 328704K, used 278216K [0x0000000080000000, 0x0000000100000000)
  region size 1024K, 37 young (37888K), 6 survivors (6144K)
 Metaspace       used 127683K, capacity 132090K, committed 132380K, reserved 1163264K
  class space    used 16117K, capacity 17743K, committed 17868K, reserved 1048576K
}
Event: 59.956 GC heap after
{Heap after GC invocations=102 (full 0):
 garbage-first heap   total 328704K, used 250472K [0x0000000080000000, 0x0000000100000000)
  region size 1024K, 5 young (5120K), 5 survivors (5120K)
 Metaspace       used 127683K, capacity 132090K, committed 132380K, reserved 1163264K
  class space    used 16117K, capacity 17743K, committed 17868K, reserved 1048576K
}
Event: 59.974 GC heap before
{Heap before GC invocations=102 (full 0):
 garbage-first heap   total 328704K, used 261736K [0x0000000080000000, 0x0000000100000000)
  region size 1024K, 16 young (16384K), 5 survivors (5120K)
 Metaspace       used 127845K, capacity 132281K, committed 132380K, reserved 1163264K
  class space    used 16142K, capacity 17786K, committed 17868K, reserved 1048576K
}
Event: 59.984 GC heap after
{Heap after GC invocations=103 (full 0):
 garbage-first heap   total 328704K, used 245992K [0x0000000080000000, 0x0000000100000000)
  region size 1024K, 1 young (1024K), 1 survivors (1024K)
 Metaspace       used 127845K, capacity 132281K, committed 132380K, reserved 1163264K
  class space    used 16142K, capacity 17786K, committed 17868K, reserved 1048576K
}
Event: 60.196 GC heap before
{Heap before GC invocations=103 (full 0):
 garbage-first heap   total 328704K, used 276712K [0x0000000080000000, 0x0000000100000000)
  region size 1024K, 32 young (32768K), 1 survivors (1024K)
 Metaspace       used 129778K, capacity 134337K, committed 134428K, reserved 1165312K
  class space    used 16397K, capacity 18087K, committed 18124K, reserved 1048576K
}
Event: 60.205 GC heap after
{Heap after GC invocations=104 (full 0):
 garbage-first heap   total 328704K, used 249856K [0x0000000080000000, 0x0000000100000000)
  region size 1024K, 4 young (4096K), 4 survivors (4096K)
 Metaspace       used 129778K, capacity 134337K, committed 134428K, reserved 1165312K
  class space    used 16397K, capacity 18087K, committed 18124K, reserved 1048576K
}
Event: 60.507 GC heap before
{Heap before GC invocations=104 (full 0):
 garbage-first heap   total 328704K, used 278528K [0x0000000080000000, 0x0000000100000000)
  region size 1024K, 34 young (34816K), 4 survivors (4096K)
 Metaspace       used 130667K, capacity 135189K, committed 135708K, reserved 1167360K
  class space    used 16516K, capacity 18191K, committed 18380K, reserved 1048576K
}
Event: 60.522 GC heap after
{Heap after GC invocations=105 (full 0):
 garbage-first heap   total 328704K, used 254157K [0x0000000080000000, 0x0000000100000000)
  region size 1024K, 5 young (5120K), 5 survivors (5120K)
 Metaspace       used 130667K, capacity 135189K, committed 135708K, reserved 1167360K
  class space    used 16516K, capacity 18191K, committed 18380K, reserved 1048576K
}
Event: 60.954 GC heap before
{Heap before GC invocations=106 (full 0):
 garbage-first heap   total 328704K, used 280781K [0x0000000080000000, 0x0000000100000000)
  region size 1024K, 32 young (32768K), 5 survivors (5120K)
 Metaspace       used 132113K, capacity 136638K, committed 137244K, reserved 1167360K
  class space    used 16728K, capacity 18417K, committed 18636K, reserved 1048576K
}
Event: 60.976 GC heap after
{Heap after GC invocations=107 (full 0):
 garbage-first heap   total 328704K, used 258670K [0x0000000080000000, 0x0000000100000000)
  region size 1024K, 4 young (4096K), 4 survivors (4096K)
 Metaspace       used 132113K, capacity 136638K, committed 137244K, reserved 1167360K
  class space    used 16728K, capacity 18417K, committed 18636K, reserved 1048576K
}
Event: 61.172 GC heap before
{Heap before GC invocations=107 (full 0):
 garbage-first heap   total 328704K, used 269934K [0x0000000080000000, 0x0000000100000000)
  region size 1024K, 16 young (16384K), 4 survivors (4096K)
 Metaspace       used 132795K, capacity 137466K, committed 137756K, reserved 1169408K
  class space    used 16815K, capacity 18544K, committed 18636K, reserved 1048576K
}
Event: 61.205 GC heap after
{Heap after GC invocations=108 (full 0):
 garbage-first heap   total 328704K, used 247497K [0x0000000080000000, 0x0000000100000000)
  region size 1024K, 2 young (2048K), 2 survivors (2048K)
 Metaspace       used 132795K, capacity 137466K, committed 137756K, reserved 1169408K
  class space    used 16815K, capacity 18544K, committed 18636K, reserved 1048576K
}
Event: 61.437 GC heap before
{Heap before GC invocations=108 (full 0):
 garbage-first heap   total 328704K, used 276169K [0x0000000080000000, 0x0000000100000000)
  region size 1024K, 31 young (31744K), 2 survivors (2048K)
 Metaspace       used 133948K, capacity 138828K, committed 139036K, reserved 1169408K
  class space    used 17007K, capacity 18841K, committed 18892K, reserved 1048576K
}
Event: 61.458 GC heap after
{Heap after GC invocations=109 (full 0):
 garbage-first heap   total 328704K, used 252755K [0x0000000080000000, 0x0000000100000000)
  region size 1024K, 4 young (4096K), 4 survivors (4096K)
 Metaspace       used 133948K, capacity 138828K, committed 139036K, reserved 1169408K
  class space    used 17007K, capacity 18841K, committed 18892K, reserved 1048576K
}
Event: 61.653 GC heap before
{Heap before GC invocations=109 (full 0):
 garbage-first heap   total 328704K, used 280403K [0x0000000080000000, 0x0000000100000000)
  region size 1024K, 31 young (31744K), 4 survivors (4096K)
 Metaspace       used 134674K, capacity 139601K, committed 139676K, reserved 1169408K
  class space    used 17128K, capacity 19005K, committed 19020K, reserved 1048576K
}

