# JRE version: OpenJDK Runtime Environment (11.0.15) (build 11.0.15+0-b2043.56-9505619)
# Java VM: OpenJDK 64-Bit Server VM (11.0.15+0-b2043.56-9505619, mixed mode, tiered, compressed oops, g1 gc, windows-amd64)
Heap:
 garbage-first heap   total 374784K, used 184714K [0x0000000080000000, 0x0000000100000000)
  region size 1024K, 7 young (7168K), 7 survivors (7168K)
 Metaspace       used 102423K, capacity 105588K, committed 105768K, reserved 1140736K
  class space    used 13366K, capacity 14605K, committed 14712K, reserved 1048576K
GC Heap History (20 events):
Event: 13.700 GC heap after
{Heap after GC invocations=23 (full 0):
 garbage-first heap   total 227328K, used 88671K [0x0000000080000000, 0x0000000100000000)
  region size 1024K, 9 young (9216K), 9 survivors (9216K)
 Metaspace       used 92867K, capacity 95584K, committed 95784K, reserved 1132544K
  class space    used 12092K, capacity 13123K, committed 13176K, reserved 1048576K
}
Event: 14.102 GC heap before
{Heap before GC invocations=23 (full 0):
 garbage-first heap   total 227328K, used 176735K [0x0000000080000000, 0x0000000100000000)
  region size 1024K, 95 young (97280K), 9 survivors (9216K)
 Metaspace       used 94690K, capacity 97493K, committed 97576K, reserved 1134592K
  class space    used 12332K, capacity 13405K, committed 13432K, reserved 1048576K
}
Event: 14.115 GC heap after
{Heap after GC invocations=24 (full 0):
 garbage-first heap   total 227328K, used 105879K [0x0000000080000000, 0x0000000100000000)
  region size 1024K, 12 young (12288K), 12 survivors (12288K)
 Metaspace       used 94690K, capacity 97493K, committed 97576K, reserved 1134592K
  class space    used 12332K, capacity 13405K, committed 13432K, reserved 1048576K
}
Event: 14.208 GC heap before
{Heap before GC invocations=24 (full 0):
 garbage-first heap   total 227328K, used 174487K [0x0000000080000000, 0x0000000100000000)
  region size 1024K, 81 young (82944K), 12 survivors (12288K)
 Metaspace       used 95290K, capacity 98095K, committed 98216K, reserved 1134592K
  class space    used 12406K, capacity 13477K, committed 13560K, reserved 1048576K
}
Event: 14.220 GC heap after
{Heap after GC invocations=25 (full 0):
 garbage-first heap   total 227328K, used 120457K [0x0000000080000000, 0x0000000100000000)
  region size 1024K, 10 young (10240K), 10 survivors (10240K)
 Metaspace       used 95290K, capacity 98095K, committed 98216K, reserved 1134592K
  class space    used 12406K, capacity 13477K, committed 13560K, reserved 1048576K
}
Event: 14.531 GC heap before
{Heap before GC invocations=25 (full 0):
 garbage-first heap   total 227328K, used 175753K [0x0000000080000000, 0x0000000100000000)
  region size 1024K, 65 young (66560K), 10 survivors (10240K)
 Metaspace       used 98238K, capacity 101298K, committed 101544K, reserved 1136640K
  class space    used 12838K, capacity 14035K, committed 14072K, reserved 1048576K
}
Event: 14.541 GC heap after
{Heap after GC invocations=26 (full 0):
 garbage-first heap   total 227328K, used 123904K [0x0000000080000000, 0x0000000100000000)
  region size 1024K, 9 young (9216K), 9 survivors (9216K)
 Metaspace       used 98238K, capacity 101298K, committed 101544K, reserved 1136640K
  class space    used 12838K, capacity 14035K, committed 14072K, reserved 1048576K
}
Event: 14.792 GC heap before
{Heap before GC invocations=26 (full 0):
 garbage-first heap   total 227328K, used 178176K [0x0000000080000000, 0x0000000100000000)
  region size 1024K, 63 young (64512K), 9 survivors (9216K)
 Metaspace       used 98292K, capacity 101126K, committed 101928K, reserved 1136640K
  class space    used 12769K, capacity 13880K, committed 14200K, reserved 1048576K
}
Event: 14.809 GC heap after
{Heap after GC invocations=27 (full 0):
 garbage-first heap   total 227328K, used 134276K [0x0000000080000000, 0x0000000100000000)
  region size 1024K, 8 young (8192K), 8 survivors (8192K)
 Metaspace       used 98292K, capacity 101126K, committed 101928K, reserved 1136640K
  class space    used 12769K, capacity 13880K, committed 14200K, reserved 1048576K
}
Event: 14.945 GC heap before
{Heap before GC invocations=28 (full 0):
 garbage-first heap   total 227328K, used 180356K [0x0000000080000000, 0x0000000100000000)
  region size 1024K, 53 young (54272K), 8 survivors (8192K)
 Metaspace       used 99124K, capacity 102038K, committed 102824K, reserved 1138688K
  class space    used 12900K, capacity 14033K, committed 14328K, reserved 1048576K
}
Event: 14.962 GC heap after
{Heap after GC invocations=29 (full 0):
 garbage-first heap   total 227328K, used 143958K [0x0000000080000000, 0x0000000100000000)
  region size 1024K, 7 young (7168K), 7 survivors (7168K)
 Metaspace       used 99124K, capacity 102038K, committed 102824K, reserved 1138688K
  class space    used 12900K, capacity 14033K, committed 14328K, reserved 1048576K
}
Event: 15.059 GC heap before
{Heap before GC invocations=29 (full 0):
 garbage-first heap   total 227328K, used 183894K [0x0000000080000000, 0x0000000100000000)
  region size 1024K, 46 young (47104K), 7 survivors (7168K)
 Metaspace       used 99717K, capacity 102610K, committed 103080K, reserved 1138688K
  class space    used 12994K, capacity 14134K, committed 14328K, reserved 1048576K
}
Event: 15.076 GC heap after
{Heap after GC invocations=30 (full 0):
 garbage-first heap   total 273408K, used 152576K [0x0000000080000000, 0x0000000100000000)
  region size 1024K, 6 young (6144K), 6 survivors (6144K)
 Metaspace       used 99717K, capacity 102610K, committed 103080K, reserved 1138688K
  class space    used 12994K, capacity 14134K, committed 14328K, reserved 1048576K
}
Event: 15.327 GC heap before
{Heap before GC invocations=30 (full 0):
 garbage-first heap   total 273408K, used 204800K [0x0000000080000000, 0x0000000100000000)
  region size 1024K, 58 young (59392K), 6 survivors (6144K)
 Metaspace       used 100280K, capacity 103037K, committed 103976K, reserved 1138688K
  class space    used 13027K, capacity 14075K, committed 14456K, reserved 1048576K
}
Event: 15.342 GC heap after
{Heap after GC invocations=31 (full 0):
 garbage-first heap   total 273408K, used 160768K [0x0000000080000000, 0x0000000100000000)
  region size 1024K, 8 young (8192K), 8 survivors (8192K)
 Metaspace       used 100280K, capacity 103037K, committed 103976K, reserved 1138688K
  class space    used 13027K, capacity 14075K, committed 14456K, reserved 1048576K
}
Event: 15.489 GC heap before
{Heap before GC invocations=32 (full 0):
 garbage-first heap   total 273408K, used 214016K [0x0000000080000000, 0x0000000100000000)
  region size 1024K, 58 young (59392K), 8 survivors (8192K)
 Metaspace       used 100597K, capacity 103344K, committed 104232K, reserved 1138688K
  class space    used 13066K, capacity 14113K, committed 14456K, reserved 1048576K
}
Event: 15.508 GC heap after
{Heap after GC invocations=33 (full 0):
 garbage-first heap   total 273408K, used 168477K [0x0000000080000000, 0x0000000100000000)
  region size 1024K, 8 young (8192K), 8 survivors (8192K)
 Metaspace       used 100597K, capacity 103344K, committed 104232K, reserved 1138688K
  class space    used 13066K, capacity 14113K, committed 14456K, reserved 1048576K
}
Event: 15.621 GC heap before
{Heap before GC invocations=33 (full 0):
 garbage-first heap   total 273408K, used 217629K [0x0000000080000000, 0x0000000100000000)
  region size 1024K, 56 young (57344K), 8 survivors (8192K)
 Metaspace       used 101263K, capacity 104019K, committed 105128K, reserved 1140736K
  class space    used 13145K, capacity 14209K, committed 14584K, reserved 1048576K
}
Event: 15.637 GC heap after
{Heap after GC invocations=34 (full 0):
 garbage-first heap   total 273408K, used 176663K [0x0000000080000000, 0x0000000100000000)
  region size 1024K, 7 young (7168K), 7 survivors (7168K)
 Metaspace       used 101263K, capacity 104019K, committed 105128K, reserved 1140736K
  class space    used 13145K, capacity 14209K, committed 14584K, reserved 1048576K
}
Event: 15.784 GC heap before
{Heap before GC invocations=34 (full 0):
 garbage-first heap   total 273408K, used 222743K [0x0000000080000000, 0x0000000100000000)
  region size 1024K, 52 young (53248K), 7 survivors (7168K)
 Metaspace       used 102423K, capacity 105588K, committed 105768K, reserved 1140736K
  class space    used 13366K, capacity 14605K, committed 14712K, reserved 1048576K
}

