# JRE version: OpenJDK Runtime Environment (11.0.15) (build 11.0.15+0-b2043.56-9505619)
# Java VM: OpenJDK 64-Bit Server VM (11.0.15+0-b2043.56-9505619, mixed mode, tiered, compressed oops, g1 gc, windows-amd64)
Heap:
 garbage-first heap   total 395264K, used 279969K [0x0000000080000000, 0x0000000100000000)
  region size 1024K, 10 young (10240K), 8 survivors (8192K)
 Metaspace       used 160951K, capacity 166826K, committed 166940K, reserved 1193984K
  class space    used 20191K, capacity 22402K, committed 22476K, reserved 1048576K
GC Heap History (20 events):
Event: 1392.572 GC heap before
{Heap before GC invocations=160 (full 0):
 garbage-first heap   total 395264K, used 333687K [0x0000000080000000, 0x0000000100000000)
  region size 1024K, 103 young (105472K), 7 survivors (7168K)
 Metaspace       used 146737K, capacity 151370K, committed 151452K, reserved 1181696K
  class space    used 18339K, capacity 20024K, committed 20044K, reserved 1048576K
}
Event: 1392.584 GC heap after
{Heap after GC invocations=161 (full 0):
 garbage-first heap   total 395264K, used 242875K [0x0000000080000000, 0x0000000100000000)
  region size 1024K, 12 young (12288K), 12 survivors (12288K)
 Metaspace       used 146737K, capacity 151370K, committed 151452K, reserved 1181696K
  class space    used 18339K, capacity 20024K, committed 20044K, reserved 1048576K
}
Event: 1402.212 GC heap before
{Heap before GC invocations=161 (full 0):
 garbage-first heap   total 395264K, used 336059K [0x0000000080000000, 0x0000000100000000)
  region size 1024K, 104 young (106496K), 12 survivors (12288K)
 Metaspace       used 147413K, capacity 152184K, committed 152348K, reserved 1181696K
  class space    used 18391K, capacity 20058K, committed 20172K, reserved 1048576K
}
Event: 1402.224 GC heap after
{Heap after GC invocations=162 (full 0):
 garbage-first heap   total 395264K, used 243567K [0x0000000080000000, 0x0000000100000000)
  region size 1024K, 7 young (7168K), 7 survivors (7168K)
 Metaspace       used 147413K, capacity 152184K, committed 152348K, reserved 1181696K
  class space    used 18391K, capacity 20058K, committed 20172K, reserved 1048576K
}
Event: 1403.867 GC heap before
{Heap before GC invocations=163 (full 0):
 garbage-first heap   total 395264K, used 338799K [0x0000000080000000, 0x0000000100000000)
  region size 1024K, 101 young (103424K), 7 survivors (7168K)
 Metaspace       used 150170K, capacity 155008K, committed 155292K, reserved 1183744K
  class space    used 18688K, capacity 20430K, committed 20556K, reserved 1048576K
}
Event: 1403.888 GC heap after
{Heap after GC invocations=164 (full 0):
 garbage-first heap   total 395264K, used 254059K [0x0000000080000000, 0x0000000100000000)
  region size 1024K, 13 young (13312K), 13 survivors (13312K)
 Metaspace       used 150170K, capacity 155008K, committed 155292K, reserved 1183744K
  class space    used 18688K, capacity 20430K, committed 20556K, reserved 1048576K
}
Event: 1403.985 GC heap before
{Heap before GC invocations=164 (full 0):
 garbage-first heap   total 395264K, used 260203K [0x0000000080000000, 0x0000000100000000)
  region size 1024K, 19 young (19456K), 13 survivors (13312K)
 Metaspace       used 150518K, capacity 155478K, committed 155804K, reserved 1185792K
  class space    used 18724K, capacity 20457K, committed 20556K, reserved 1048576K
}
Event: 1404.005 GC heap after
{Heap after GC invocations=165 (full 0):
 garbage-first heap   total 395264K, used 255499K [0x0000000080000000, 0x0000000100000000)
  region size 1024K, 2 young (2048K), 2 survivors (2048K)
 Metaspace       used 150518K, capacity 155478K, committed 155804K, reserved 1185792K
  class space    used 18724K, capacity 20457K, committed 20556K, reserved 1048576K
}
Event: 1404.723 GC heap before
{Heap before GC invocations=165 (full 0):
 garbage-first heap   total 395264K, used 279051K [0x0000000080000000, 0x0000000100000000)
  region size 1024K, 26 young (26624K), 2 survivors (2048K)
 Metaspace       used 150705K, capacity 155636K, committed 155804K, reserved 1185792K
  class space    used 18734K, capacity 20465K, committed 20556K, reserved 1048576K
}
Event: 1404.741 GC heap after
{Heap after GC invocations=166 (full 0):
 garbage-first heap   total 395264K, used 257376K [0x0000000080000000, 0x0000000100000000)
  region size 1024K, 4 young (4096K), 4 survivors (4096K)
 Metaspace       used 150705K, capacity 155636K, committed 155804K, reserved 1185792K
  class space    used 18734K, capacity 20465K, committed 20556K, reserved 1048576K
}
Event: 1406.165 GC heap before
{Heap before GC invocations=167 (full 0):
 garbage-first heap   total 395264K, used 338272K [0x0000000080000000, 0x0000000100000000)
  region size 1024K, 81 young (82944K), 4 survivors (4096K)
 Metaspace       used 151157K, capacity 156049K, committed 156316K, reserved 1185792K
  class space    used 18731K, capacity 20491K, committed 20556K, reserved 1048576K
}
Event: 1406.170 GC heap after
{Heap after GC invocations=168 (full 0):
 garbage-first heap   total 395264K, used 258548K [0x0000000080000000, 0x0000000100000000)
  region size 1024K, 3 young (3072K), 3 survivors (3072K)
 Metaspace       used 151157K, capacity 156049K, committed 156316K, reserved 1185792K
  class space    used 18731K, capacity 20491K, committed 20556K, reserved 1048576K
}
Event: 1406.422 GC heap before
{Heap before GC invocations=168 (full 0):
 garbage-first heap   total 395264K, used 274932K [0x0000000080000000, 0x0000000100000000)
  region size 1024K, 19 young (19456K), 3 survivors (3072K)
 Metaspace       used 151195K, capacity 156190K, committed 156316K, reserved 1185792K
  class space    used 18732K, capacity 20493K, committed 20556K, reserved 1048576K
}
Event: 1406.433 GC heap after
{Heap after GC invocations=169 (full 0):
 garbage-first heap   total 395264K, used 246921K [0x0000000080000000, 0x0000000100000000)
  region size 1024K, 3 young (3072K), 3 survivors (3072K)
 Metaspace       used 151195K, capacity 156190K, committed 156316K, reserved 1185792K
  class space    used 18732K, capacity 20493K, committed 20556K, reserved 1048576K
}
Event: 1407.005 GC heap before
{Heap before GC invocations=169 (full 0):
 garbage-first heap   total 395264K, used 310409K [0x0000000080000000, 0x0000000100000000)
  region size 1024K, 67 young (68608K), 3 survivors (3072K)
 Metaspace       used 151930K, capacity 156953K, committed 157212K, reserved 1185792K
  class space    used 18829K, capacity 20637K, committed 20684K, reserved 1048576K
}
Event: 1407.055 GC heap after
{Heap after GC invocations=170 (full 0):
 garbage-first heap   total 395264K, used 258458K [0x0000000080000000, 0x0000000100000000)
  region size 1024K, 12 young (12288K), 12 survivors (12288K)
 Metaspace       used 151930K, capacity 156953K, committed 157212K, reserved 1185792K
  class space    used 18829K, capacity 20637K, committed 20684K, reserved 1048576K
}
Event: 1407.834 GC heap before
{Heap before GC invocations=171 (full 0):
 garbage-first heap   total 395264K, used 333210K [0x0000000080000000, 0x0000000100000000)
  region size 1024K, 84 young (86016K), 12 survivors (12288K)
 Metaspace       used 157053K, capacity 162436K, committed 162460K, reserved 1189888K
  class space    used 19589K, capacity 21568K, committed 21580K, reserved 1048576K
}
Event: 1407.852 GC heap after
{Heap after GC invocations=172 (full 0):
 garbage-first heap   total 395264K, used 270029K [0x0000000080000000, 0x0000000100000000)
  region size 1024K, 11 young (11264K), 11 survivors (11264K)
 Metaspace       used 157053K, capacity 162436K, committed 162460K, reserved 1189888K
  class space    used 19589K, capacity 21568K, committed 21580K, reserved 1048576K
}
Event: 1407.892 GC heap before
{Heap before GC invocations=172 (full 0):
 garbage-first heap   total 395264K, used 278221K [0x0000000080000000, 0x0000000100000000)
  region size 1024K, 19 young (19456K), 11 survivors (11264K)
 Metaspace       used 157572K, capacity 162964K, committed 163100K, reserved 1191936K
  class space    used 19651K, capacity 21637K, committed 21708K, reserved 1048576K
}
Event: 1407.904 GC heap after
{Heap after GC invocations=173 (full 0):
 garbage-first heap   total 395264K, used 269562K [0x0000000080000000, 0x0000000100000000)
  region size 1024K, 3 young (3072K), 3 survivors (3072K)
 Metaspace       used 157572K, capacity 162964K, committed 163100K, reserved 1191936K
  class space    used 19651K, capacity 21637K, committed 21708K, reserved 1048576K
}

