# JRE version: OpenJDK Runtime Environment (11.0.15) (build 11.0.15+0-b2043.56-9505619)
# Java VM: OpenJDK 64-Bit Server VM (11.0.15+0-b2043.56-9505619, mixed mode, tiered, compressed oops, g1 gc, windows-amd64)
Heap:
 garbage-first heap   total 443392K, used 186122K [0x0000000080000000, 0x0000000100000000)
  region size 1024K, 10 young (10240K), 10 survivors (10240K)
 Metaspace       used 109752K, capacity 113190K, committed 115120K, reserved 1148928K
  class space    used 14141K, capacity 15483K, committed 16128K, reserved 1048576K
GC Heap History (20 events):
Event: 23.855 GC heap after
{Heap after GC invocations=48 (full 0):
 garbage-first heap   total 280576K, used 167373K [0x0000000080000000, 0x0000000100000000)
  region size 1024K, 7 young (7168K), 7 survivors (7168K)
 Metaspace       used 108223K, capacity 111725K, committed 113328K, reserved 1146880K
  class space    used 14148K, capacity 15533K, committed 16128K, reserved 1048576K
}
Event: 24.177 GC heap before
{Heap before GC invocations=49 (full 0):
 garbage-first heap   total 280576K, used 222669K [0x0000000080000000, 0x0000000100000000)
  region size 1024K, 61 young (62464K), 7 survivors (7168K)
 Metaspace       used 108587K, capacity 112141K, committed 113840K, reserved 1146880K
  class space    used 14179K, capacity 15580K, committed 16128K, reserved 1048576K
}
Event: 24.203 GC heap after
{Heap after GC invocations=50 (full 0):
 garbage-first heap   total 373760K, used 171999K [0x0000000080000000, 0x0000000100000000)
  region size 1024K, 5 young (5120K), 5 survivors (5120K)
 Metaspace       used 108587K, capacity 112141K, committed 113840K, reserved 1146880K
  class space    used 14179K, capacity 15580K, committed 16128K, reserved 1048576K
}
Event: 24.294 GC heap before
{Heap before GC invocations=50 (full 0):
 garbage-first heap   total 373760K, used 185311K [0x0000000080000000, 0x0000000100000000)
  region size 1024K, 18 young (18432K), 5 survivors (5120K)
 Metaspace       used 108607K, capacity 112165K, committed 113840K, reserved 1146880K
  class space    used 14182K, capacity 15584K, committed 16128K, reserved 1048576K
}
Event: 24.308 GC heap after
{Heap after GC invocations=51 (full 0):
 garbage-first heap   total 373760K, used 171708K [0x0000000080000000, 0x0000000100000000)
  region size 1024K, 1 young (1024K), 1 survivors (1024K)
 Metaspace       used 108607K, capacity 112165K, committed 113840K, reserved 1146880K
  class space    used 14182K, capacity 15584K, committed 16128K, reserved 1048576K
}
Event: 24.835 GC heap before
{Heap before GC invocations=51 (full 0):
 garbage-first heap   total 373760K, used 260796K [0x0000000080000000, 0x0000000100000000)
  region size 1024K, 89 young (91136K), 1 survivors (1024K)
 Metaspace       used 108681K, capacity 112242K, committed 113840K, reserved 1146880K
  class space    used 14195K, capacity 15587K, committed 16128K, reserved 1048576K
}
Event: 24.849 GC heap after
{Heap after GC invocations=52 (full 0):
 garbage-first heap   total 373760K, used 176765K [0x0000000080000000, 0x0000000100000000)
  region size 1024K, 6 young (6144K), 6 survivors (6144K)
 Metaspace       used 108681K, capacity 112242K, committed 113840K, reserved 1146880K
  class space    used 14195K, capacity 15587K, committed 16128K, reserved 1048576K
}
Event: 25.524 GC heap before
{Heap before GC invocations=53 (full 0):
 garbage-first heap   total 373760K, used 283261K [0x0000000080000000, 0x0000000100000000)
  region size 1024K, 110 young (112640K), 6 survivors (6144K)
 Metaspace       used 108584K, capacity 112007K, committed 114096K, reserved 1146880K
  class space    used 14111K, capacity 15446K, committed 16128K, reserved 1048576K
}
Event: 25.535 GC heap after
{Heap after GC invocations=54 (full 0):
 garbage-first heap   total 373760K, used 179132K [0x0000000080000000, 0x0000000100000000)
  region size 1024K, 8 young (8192K), 8 survivors (8192K)
 Metaspace       used 108584K, capacity 112007K, committed 114096K, reserved 1146880K
  class space    used 14111K, capacity 15446K, committed 16128K, reserved 1048576K
}
Event: 25.571 GC heap before
{Heap before GC invocations=54 (full 0):
 garbage-first heap   total 373760K, used 189372K [0x0000000080000000, 0x0000000100000000)
  region size 1024K, 18 young (18432K), 8 survivors (8192K)
 Metaspace       used 108585K, capacity 112007K, committed 114096K, reserved 1146880K
  class space    used 14111K, capacity 15446K, committed 16128K, reserved 1048576K
}
Event: 25.580 GC heap after
{Heap after GC invocations=55 (full 0):
 garbage-first heap   total 373760K, used 177936K [0x0000000080000000, 0x0000000100000000)
  region size 1024K, 2 young (2048K), 2 survivors (2048K)
 Metaspace       used 108585K, capacity 112007K, committed 114096K, reserved 1146880K
  class space    used 14111K, capacity 15446K, committed 16128K, reserved 1048576K
}
Event: 25.991 GC heap before
{Heap before GC invocations=55 (full 0):
 garbage-first heap   total 373760K, used 285456K [0x0000000080000000, 0x0000000100000000)
  region size 1024K, 108 young (110592K), 2 survivors (2048K)
 Metaspace       used 108858K, capacity 112266K, committed 114352K, reserved 1146880K
  class space    used 14130K, capacity 15464K, committed 16128K, reserved 1048576K
}
Event: 26.000 GC heap after
{Heap after GC invocations=56 (full 0):
 garbage-first heap   total 373760K, used 178187K [0x0000000080000000, 0x0000000100000000)
  region size 1024K, 2 young (2048K), 2 survivors (2048K)
 Metaspace       used 108858K, capacity 112266K, committed 114352K, reserved 1146880K
  class space    used 14130K, capacity 15464K, committed 16128K, reserved 1048576K
}
Event: 26.728 GC heap before
{Heap before GC invocations=57 (full 0):
 garbage-first heap   total 373760K, used 302091K [0x0000000080000000, 0x0000000100000000)
  region size 1024K, 123 young (125952K), 2 survivors (2048K)
 Metaspace       used 109343K, capacity 112727K, committed 114608K, reserved 1148928K
  class space    used 14135K, capacity 15472K, committed 16128K, reserved 1048576K
}
Event: 26.735 GC heap after
{Heap after GC invocations=58 (full 0):
 garbage-first heap   total 373760K, used 179383K [0x0000000080000000, 0x0000000100000000)
  region size 1024K, 3 young (3072K), 3 survivors (3072K)
 Metaspace       used 109343K, capacity 112727K, committed 114608K, reserved 1148928K
  class space    used 14135K, capacity 15472K, committed 16128K, reserved 1048576K
}
Event: 26.777 GC heap before
{Heap before GC invocations=58 (full 0):
 garbage-first heap   total 373760K, used 194743K [0x0000000080000000, 0x0000000100000000)
  region size 1024K, 18 young (18432K), 3 survivors (3072K)
 Metaspace       used 109358K, capacity 112794K, committed 114608K, reserved 1148928K
  class space    used 14135K, capacity 15472K, committed 16128K, reserved 1048576K
}
Event: 26.786 GC heap after
{Heap after GC invocations=59 (full 0):
 garbage-first heap   total 373760K, used 178373K [0x0000000080000000, 0x0000000100000000)
  region size 1024K, 3 young (3072K), 3 survivors (3072K)
 Metaspace       used 109358K, capacity 112794K, committed 114608K, reserved 1148928K
  class space    used 14135K, capacity 15472K, committed 16128K, reserved 1048576K
}
Event: 27.120 GC heap before
{Heap before GC invocations=59 (full 0):
 garbage-first heap   total 373760K, used 304325K [0x0000000080000000, 0x0000000100000000)
  region size 1024K, 127 young (130048K), 3 survivors (3072K)
 Metaspace       used 109579K, capacity 113044K, committed 114864K, reserved 1148928K
  class space    used 14141K, capacity 15483K, committed 16128K, reserved 1048576K
}
Event: 27.133 GC heap after
{Heap after GC invocations=60 (full 0):
 garbage-first heap   total 373760K, used 181636K [0x0000000080000000, 0x0000000100000000)
  region size 1024K, 6 young (6144K), 6 survivors (6144K)
 Metaspace       used 109579K, capacity 113044K, committed 114864K, reserved 1148928K
  class space    used 14141K, capacity 15483K, committed 16128K, reserved 1048576K
}
Event: 27.603 GC heap before
{Heap before GC invocations=60 (full 0):
 garbage-first heap   total 373760K, used 308612K [0x0000000080000000, 0x0000000100000000)
  region size 1024K, 131 young (134144K), 6 survivors (6144K)
 Metaspace       used 109752K, capacity 113190K, committed 115120K, reserved 1148928K
  class space    used 14141K, capacity 15483K, committed 16128K, reserved 1048576K
}

