# JRE version: OpenJDK Runtime Environment (11.0.15) (build 11.0.15+0-b2043.56-9505619)
# Java VM: OpenJDK 64-Bit Server VM (11.0.15+0-b2043.56-9505619, mixed mode, tiered, compressed oops, g1 gc, windows-amd64)
Heap:
 garbage-first heap   total 495616K, used 317654K [0x0000000080000000, 0x0000000100000000)
  region size 1024K, 67 young (68608K), 10 survivors (10240K)
 Metaspace       used 117151K, capacity 121567K, committed 121884K, reserved 1155072K
  class space    used 15299K, capacity 17001K, committed 17100K, reserved 1048576K
GC Heap History (20 events):
Event: 26.348 GC heap before
{Heap before GC invocations=67 (full 0):
 garbage-first heap   total 273408K, used 234340K [0x0000000080000000, 0x0000000100000000)
  region size 1024K, 23 young (23552K), 2 survivors (2048K)
 Metaspace       used 107050K, capacity 110519K, committed 110620K, reserved 1144832K
  class space    used 13755K, capacity 15037K, committed 15052K, reserved 1048576K
}
Event: 26.354 GC heap after
{Heap after GC invocations=68 (full 0):
 garbage-first heap   total 273408K, used 217396K [0x0000000080000000, 0x0000000100000000)
  region size 1024K, 3 young (3072K), 3 survivors (3072K)
 Metaspace       used 107050K, capacity 110519K, committed 110620K, reserved 1144832K
  class space    used 13755K, capacity 15037K, committed 15052K, reserved 1048576K
}
Event: 26.596 GC heap before
{Heap before GC invocations=68 (full 0):
 garbage-first heap   total 273408K, used 234804K [0x0000000080000000, 0x0000000100000000)
  region size 1024K, 21 young (21504K), 3 survivors (3072K)
 Metaspace       used 108128K, capacity 111761K, committed 111900K, reserved 1146880K
  class space    used 13933K, capacity 15279K, committed 15308K, reserved 1048576K
}
Event: 26.604 GC heap after
{Heap after GC invocations=69 (full 0):
 garbage-first heap   total 273408K, used 220265K [0x0000000080000000, 0x0000000100000000)
  region size 1024K, 3 young (3072K), 3 survivors (3072K)
 Metaspace       used 108128K, capacity 111761K, committed 111900K, reserved 1146880K
  class space    used 13933K, capacity 15279K, committed 15308K, reserved 1048576K
}
Event: 26.814 GC heap before
{Heap before GC invocations=70 (full 0):
 garbage-first heap   total 273408K, used 236649K [0x0000000080000000, 0x0000000100000000)
  region size 1024K, 19 young (19456K), 3 survivors (3072K)
 Metaspace       used 108866K, capacity 112481K, committed 112796K, reserved 1146880K
  class space    used 14012K, capacity 15369K, committed 15436K, reserved 1048576K
}
Event: 26.822 GC heap after
{Heap after GC invocations=71 (full 0):
 garbage-first heap   total 273408K, used 223345K [0x0000000080000000, 0x0000000100000000)
  region size 1024K, 3 young (3072K), 3 survivors (3072K)
 Metaspace       used 108866K, capacity 112481K, committed 112796K, reserved 1146880K
  class space    used 14012K, capacity 15369K, committed 15436K, reserved 1048576K
}
Event: 26.885 GC heap before
{Heap before GC invocations=71 (full 0):
 garbage-first heap   total 273408K, used 232561K [0x0000000080000000, 0x0000000100000000)
  region size 1024K, 13 young (13312K), 3 survivors (3072K)
 Metaspace       used 109134K, capacity 112784K, committed 113052K, reserved 1146880K
  class space    used 14036K, capacity 15405K, committed 15436K, reserved 1048576K
}
Event: 26.893 GC heap after
{Heap after GC invocations=72 (full 0):
 garbage-first heap   total 273408K, used 225155K [0x0000000080000000, 0x0000000100000000)
  region size 1024K, 2 young (2048K), 2 survivors (2048K)
 Metaspace       used 109134K, capacity 112784K, committed 113052K, reserved 1146880K
  class space    used 14036K, capacity 15405K, committed 15436K, reserved 1048576K
}
Event: 26.968 GC heap before
{Heap before GC invocations=72 (full 0):
 garbage-first heap   total 273408K, used 237443K [0x0000000080000000, 0x0000000100000000)
  region size 1024K, 15 young (15360K), 2 survivors (2048K)
 Metaspace       used 109610K, capacity 113231K, committed 113436K, reserved 1146880K
  class space    used 14106K, capacity 15469K, committed 15564K, reserved 1048576K
}
Event: 26.980 GC heap after
{Heap after GC invocations=73 (full 0):
 garbage-first heap   total 328704K, used 228126K [0x0000000080000000, 0x0000000100000000)
  region size 1024K, 2 young (2048K), 2 survivors (2048K)
 Metaspace       used 109610K, capacity 113231K, committed 113436K, reserved 1146880K
  class space    used 14106K, capacity 15469K, committed 15564K, reserved 1048576K
}
Event: 27.346 GC heap before
{Heap before GC invocations=73 (full 0):
 garbage-first heap   total 328704K, used 256798K [0x0000000080000000, 0x0000000100000000)
  region size 1024K, 31 young (31744K), 2 survivors (2048K)
 Metaspace       used 111161K, capacity 114790K, committed 115612K, reserved 1148928K
  class space    used 14337K, capacity 15699K, committed 15948K, reserved 1048576K
}
Event: 27.357 GC heap after
{Heap after GC invocations=74 (full 0):
 garbage-first heap   total 328704K, used 232313K [0x0000000080000000, 0x0000000100000000)
  region size 1024K, 4 young (4096K), 4 survivors (4096K)
 Metaspace       used 111161K, capacity 114790K, committed 115612K, reserved 1148928K
  class space    used 14337K, capacity 15699K, committed 15948K, reserved 1048576K
}
Event: 27.574 GC heap before
{Heap before GC invocations=75 (full 0):
 garbage-first heap   total 328704K, used 263033K [0x0000000080000000, 0x0000000100000000)
  region size 1024K, 34 young (34816K), 4 survivors (4096K)
 Metaspace       used 111653K, capacity 115337K, committed 115996K, reserved 1148928K
  class space    used 14402K, capacity 15782K, committed 16076K, reserved 1048576K
}
Event: 27.589 GC heap after
{Heap after GC invocations=76 (full 0):
 garbage-first heap   total 328704K, used 237724K [0x0000000080000000, 0x0000000100000000)
  region size 1024K, 5 young (5120K), 5 survivors (5120K)
 Metaspace       used 111653K, capacity 115337K, committed 115996K, reserved 1148928K
  class space    used 14402K, capacity 15782K, committed 16076K, reserved 1048576K
}
Event: 27.709 GC heap before
{Heap before GC invocations=76 (full 0):
 garbage-first heap   total 328704K, used 266396K [0x0000000080000000, 0x0000000100000000)
  region size 1024K, 34 young (34816K), 5 survivors (5120K)
 Metaspace       used 112478K, capacity 116137K, committed 116764K, reserved 1150976K
  class space    used 14481K, capacity 15855K, committed 16076K, reserved 1048576K
}
Event: 27.721 GC heap after
{Heap after GC invocations=77 (full 0):
 garbage-first heap   total 328704K, used 243500K [0x0000000080000000, 0x0000000100000000)
  region size 1024K, 5 young (5120K), 5 survivors (5120K)
 Metaspace       used 112478K, capacity 116137K, committed 116764K, reserved 1150976K
  class space    used 14481K, capacity 15855K, committed 16076K, reserved 1048576K
}
Event: 27.834 GC heap before
{Heap before GC invocations=77 (full 0):
 garbage-first heap   total 328704K, used 272172K [0x0000000080000000, 0x0000000100000000)
  region size 1024K, 33 young (33792K), 5 survivors (5120K)
 Metaspace       used 113461K, capacity 117561K, committed 117788K, reserved 1150976K
  class space    used 14699K, capacity 16243K, committed 16332K, reserved 1048576K
}
Event: 27.851 GC heap after
{Heap after GC invocations=78 (full 0):
 garbage-first heap   total 495616K, used 248266K [0x0000000080000000, 0x0000000100000000)
  region size 1024K, 5 young (5120K), 5 survivors (5120K)
 Metaspace       used 113461K, capacity 117561K, committed 117788K, reserved 1150976K
  class space    used 14699K, capacity 16243K, committed 16332K, reserved 1048576K
}
Event: 28.099 GC heap before
{Heap before GC invocations=78 (full 0):
 garbage-first heap   total 495616K, used 323018K [0x0000000080000000, 0x0000000100000000)
  region size 1024K, 79 young (80896K), 5 survivors (5120K)
 Metaspace       used 114879K, capacity 119080K, committed 119324K, reserved 1153024K
  class space    used 14911K, capacity 16521K, committed 16588K, reserved 1048576K
}
Event: 28.120 GC heap after
{Heap after GC invocations=79 (full 0):
 garbage-first heap   total 495616K, used 260310K [0x0000000080000000, 0x0000000100000000)
  region size 1024K, 10 young (10240K), 10 survivors (10240K)
 Metaspace       used 114879K, capacity 119080K, committed 119324K, reserved 1153024K
  class space    used 14911K, capacity 16521K, committed 16588K, reserved 1048576K
}

