# JRE version: OpenJDK Runtime Environment (11.0.15) (build 11.0.15+0-b2043.56-9505619)
# Java VM: OpenJDK 64-Bit Server VM (11.0.15+0-b2043.56-9505619, mixed mode, tiered, compressed oops, g1 gc, windows-amd64)
Heap:
 garbage-first heap   total 463872K, used 275397K [0x0000000080000000, 0x0000000100000000)
  region size 1024K, 7 young (7168K), 7 survivors (7168K)
 Metaspace       used 141696K, capacity 146725K, committed 146844K, reserved 1177600K
  class space    used 17882K, capacity 19731K, committed 19788K, reserved 1048576K
GC Heap History (20 events):
Event: 363.357 GC heap after
{Heap after GC invocations=147 (full 0):
 garbage-first heap   total 328704K, used 243642K [0x0000000080000000, 0x0000000100000000)
  region size 1024K, 1 young (1024K), 1 survivors (1024K)
 Metaspace       used 134157K, capacity 138796K, committed 139036K, reserved 1169408K
  class space    used 16898K, capacity 18554K, committed 18636K, reserved 1048576K
}
Event: 363.534 GC heap before
{Heap before GC invocations=147 (full 0):
 garbage-first heap   total 328704K, used 259002K [0x0000000080000000, 0x0000000100000000)
  region size 1024K, 16 young (16384K), 1 survivors (1024K)
 Metaspace       used 134522K, capacity 139205K, committed 139292K, reserved 1169408K
  class space    used 16920K, capacity 18562K, committed 18636K, reserved 1048576K
}
Event: 363.538 GC heap after
{Heap after GC invocations=148 (full 0):
 garbage-first heap   total 328704K, used 244295K [0x0000000080000000, 0x0000000100000000)
  region size 1024K, 2 young (2048K), 2 survivors (2048K)
 Metaspace       used 134522K, capacity 139205K, committed 139292K, reserved 1169408K
  class space    used 16920K, capacity 18562K, committed 18636K, reserved 1048576K
}
Event: 364.022 GC heap before
{Heap before GC invocations=148 (full 0):
 garbage-first heap   total 328704K, used 267847K [0x0000000080000000, 0x0000000100000000)
  region size 1024K, 26 young (26624K), 2 survivors (2048K)
 Metaspace       used 135040K, capacity 139639K, committed 139804K, reserved 1171456K
  class space    used 16953K, capacity 18620K, committed 18636K, reserved 1048576K
}
Event: 364.028 GC heap after
{Heap after GC invocations=149 (full 0):
 garbage-first heap   total 328704K, used 245897K [0x0000000080000000, 0x0000000100000000)
  region size 1024K, 4 young (4096K), 4 survivors (4096K)
 Metaspace       used 135040K, capacity 139639K, committed 139804K, reserved 1171456K
  class space    used 16953K, capacity 18620K, committed 18636K, reserved 1048576K
}
Event: 364.382 GC heap before
{Heap before GC invocations=149 (full 0):
 garbage-first heap   total 328704K, used 269449K [0x0000000080000000, 0x0000000100000000)
  region size 1024K, 29 young (29696K), 4 survivors (4096K)
 Metaspace       used 135559K, capacity 140256K, committed 140444K, reserved 1171456K
  class space    used 17037K, capacity 18736K, committed 18764K, reserved 1048576K
}
Event: 364.392 GC heap after
{Heap after GC invocations=150 (full 0):
 garbage-first heap   total 328704K, used 246355K [0x0000000080000000, 0x0000000100000000)
  region size 1024K, 4 young (4096K), 4 survivors (4096K)
 Metaspace       used 135559K, capacity 140256K, committed 140444K, reserved 1171456K
  class space    used 17037K, capacity 18736K, committed 18764K, reserved 1048576K
}
Event: 364.571 GC heap before
{Heap before GC invocations=151 (full 0):
 garbage-first heap   total 328704K, used 271955K [0x0000000080000000, 0x0000000100000000)
  region size 1024K, 31 young (31744K), 4 survivors (4096K)
 Metaspace       used 136623K, capacity 141358K, committed 141596K, reserved 1171456K
  class space    used 17181K, capacity 18883K, committed 18892K, reserved 1048576K
}
Event: 364.578 GC heap after
{Heap after GC invocations=152 (full 0):
 garbage-first heap   total 328704K, used 249101K [0x0000000080000000, 0x0000000100000000)
  region size 1024K, 4 young (4096K), 4 survivors (4096K)
 Metaspace       used 136623K, capacity 141358K, committed 141596K, reserved 1171456K
  class space    used 17181K, capacity 18883K, committed 18892K, reserved 1048576K
}
Event: 364.596 GC heap before
{Heap before GC invocations=152 (full 0):
 garbage-first heap   total 328704K, used 260364K [0x0000000080000000, 0x0000000100000000)
  region size 1024K, 17 young (17408K), 4 survivors (4096K)
 Metaspace       used 136663K, capacity 141359K, committed 141596K, reserved 1171456K
  class space    used 17183K, capacity 18883K, committed 18892K, reserved 1048576K
}
Event: 364.605 GC heap after
{Heap after GC invocations=153 (full 0):
 garbage-first heap   total 395264K, used 248949K [0x0000000080000000, 0x0000000100000000)
  region size 1024K, 2 young (2048K), 2 survivors (2048K)
 Metaspace       used 136663K, capacity 141359K, committed 141596K, reserved 1171456K
  class space    used 17183K, capacity 18883K, committed 18892K, reserved 1048576K
}
Event: 364.651 GC heap before
{Heap before GC invocations=153 (full 0):
 garbage-first heap   total 395264K, used 267381K [0x0000000080000000, 0x0000000100000000)
  region size 1024K, 22 young (22528K), 2 survivors (2048K)
 Metaspace       used 136878K, capacity 141607K, committed 141724K, reserved 1171456K
  class space    used 17206K, capacity 18923K, committed 19020K, reserved 1048576K
}
Event: 364.656 GC heap after
{Heap after GC invocations=154 (full 0):
 garbage-first heap   total 395264K, used 252915K [0x0000000080000000, 0x0000000100000000)
  region size 1024K, 6 young (6144K), 6 survivors (6144K)
 Metaspace       used 136878K, capacity 141607K, committed 141724K, reserved 1171456K
  class space    used 17206K, capacity 18923K, committed 19020K, reserved 1048576K
}
Event: 364.921 GC heap before
{Heap before GC invocations=154 (full 0):
 garbage-first heap   total 395264K, used 307187K [0x0000000080000000, 0x0000000100000000)
  region size 1024K, 58 young (59392K), 6 survivors (6144K)
 Metaspace       used 137707K, capacity 142372K, committed 142620K, reserved 1173504K
  class space    used 17315K, capacity 19008K, committed 19148K, reserved 1048576K
}
Event: 364.931 GC heap after
{Heap after GC invocations=155 (full 0):
 garbage-first heap   total 395264K, used 264517K [0x0000000080000000, 0x0000000100000000)
  region size 1024K, 8 young (8192K), 8 survivors (8192K)
 Metaspace       used 137707K, capacity 142372K, committed 142620K, reserved 1173504K
  class space    used 17315K, capacity 19008K, committed 19148K, reserved 1048576K
}
Event: 365.319 GC heap before
{Heap before GC invocations=156 (full 0):
 garbage-first heap   total 395264K, used 312645K [0x0000000080000000, 0x0000000100000000)
  region size 1024K, 56 young (57344K), 8 survivors (8192K)
 Metaspace       used 140952K, capacity 145916K, committed 146204K, reserved 1175552K
  class space    used 17771K, capacity 19592K, committed 19660K, reserved 1048576K
}
Event: 365.331 GC heap after
{Heap after GC invocations=157 (full 0):
 garbage-first heap   total 395264K, used 271167K [0x0000000080000000, 0x0000000100000000)
  region size 1024K, 7 young (7168K), 7 survivors (7168K)
 Metaspace       used 140952K, capacity 145916K, committed 146204K, reserved 1175552K
  class space    used 17771K, capacity 19592K, committed 19660K, reserved 1048576K
}
Event: 365.382 GC heap before
{Heap before GC invocations=157 (full 0):
 garbage-first heap   total 395264K, used 283455K [0x0000000080000000, 0x0000000100000000)
  region size 1024K, 19 young (19456K), 7 survivors (7168K)
 Metaspace       used 141056K, capacity 145991K, committed 146204K, reserved 1175552K
  class space    used 17777K, capacity 19594K, committed 19660K, reserved 1048576K
}
Event: 365.391 GC heap after
{Heap after GC invocations=158 (full 0):
 garbage-first heap   total 395264K, used 269095K [0x0000000080000000, 0x0000000100000000)
  region size 1024K, 3 young (3072K), 3 survivors (3072K)
 Metaspace       used 141056K, capacity 145991K, committed 146204K, reserved 1175552K
  class space    used 17777K, capacity 19594K, committed 19660K, reserved 1048576K
}
Event: 365.531 GC heap before
{Heap before GC invocations=158 (full 0):
 garbage-first heap   total 395264K, used 316199K [0x0000000080000000, 0x0000000100000000)
  region size 1024K, 50 young (51200K), 3 survivors (3072K)
 Metaspace       used 141696K, capacity 146725K, committed 146844K, reserved 1177600K
  class space    used 17882K, capacity 19731K, committed 19788K, reserved 1048576K
}

