# JRE version: OpenJDK Runtime Environment (11.0.15) (build 11.0.15+0-b2043.56-9505619)
# Java VM: OpenJDK 64-Bit Server VM (11.0.15+0-b2043.56-9505619, mixed mode, tiered, compressed oops, g1 gc, windows-amd64)
Heap:
 garbage-first heap   total 464896K, used 185344K [0x0000000080000000, 0x0000000100000000)
  region size 1024K, 7 young (7168K), 7 survivors (7168K)
 Metaspace       used 99413K, capacity 102204K, committed 103080K, reserved 1138688K
  class space    used 12951K, capacity 14056K, committed 14328K, reserved 1048576K
GC Heap History (20 events):
Event: 14.362 GC heap after
{Heap after GC invocations=25 (full 0):
 garbage-first heap   total 227328K, used 106778K [0x0000000080000000, 0x0000000100000000)
  region size 1024K, 7 young (7168K), 7 survivors (7168K)
 Metaspace       used 90715K, capacity 93487K, committed 93864K, reserved 1130496K
  class space    used 11854K, capacity 12921K, committed 13048K, reserved 1048576K
}
Event: 14.768 GC heap before
{Heap before GC invocations=26 (full 0):
 garbage-first heap   total 227328K, used 160026K [0x0000000080000000, 0x0000000100000000)
  region size 1024K, 60 young (61440K), 7 survivors (7168K)
 Metaspace       used 93345K, capacity 96149K, committed 96296K, reserved 1132544K
  class space    used 12185K, capacity 13290K, committed 13432K, reserved 1048576K
}
Event: 14.778 GC heap after
{Heap after GC invocations=27 (full 0):
 garbage-first heap   total 227328K, used 113497K [0x0000000080000000, 0x0000000100000000)
  region size 1024K, 8 young (8192K), 8 survivors (8192K)
 Metaspace       used 93345K, capacity 96149K, committed 96296K, reserved 1132544K
  class space    used 12185K, capacity 13290K, committed 13432K, reserved 1048576K
}
Event: 14.945 GC heap before
{Heap before GC invocations=27 (full 0):
 garbage-first heap   total 227328K, used 166745K [0x0000000080000000, 0x0000000100000000)
  region size 1024K, 60 young (61440K), 8 survivors (8192K)
 Metaspace       used 94061K, capacity 96902K, committed 97064K, reserved 1132544K
  class space    used 12271K, capacity 13387K, committed 13432K, reserved 1048576K
}
Event: 14.971 GC heap after
{Heap after GC invocations=28 (full 0):
 garbage-first heap   total 227328K, used 123904K [0x0000000080000000, 0x0000000100000000)
  region size 1024K, 8 young (8192K), 8 survivors (8192K)
 Metaspace       used 94061K, capacity 96902K, committed 97064K, reserved 1132544K
  class space    used 12271K, capacity 13387K, committed 13432K, reserved 1048576K
}
Event: 15.178 GC heap before
{Heap before GC invocations=28 (full 0):
 garbage-first heap   total 227328K, used 173056K [0x0000000080000000, 0x0000000100000000)
  region size 1024K, 56 young (57344K), 8 survivors (8192K)
 Metaspace       used 94674K, capacity 97488K, committed 97704K, reserved 1134592K
  class space    used 12345K, capacity 13468K, committed 13560K, reserved 1048576K
}
Event: 15.195 GC heap after
{Heap after GC invocations=29 (full 0):
 garbage-first heap   total 227328K, used 133550K [0x0000000080000000, 0x0000000100000000)
  region size 1024K, 7 young (7168K), 7 survivors (7168K)
 Metaspace       used 94674K, capacity 97488K, committed 97704K, reserved 1134592K
  class space    used 12345K, capacity 13468K, committed 13560K, reserved 1048576K
}
Event: 15.331 GC heap before
{Heap before GC invocations=30 (full 0):
 garbage-first heap   total 227328K, used 176558K [0x0000000080000000, 0x0000000100000000)
  region size 1024K, 50 young (51200K), 7 survivors (7168K)
 Metaspace       used 95356K, capacity 98283K, committed 98600K, reserved 1134592K
  class space    used 12451K, capacity 13580K, committed 13688K, reserved 1048576K
}
Event: 15.345 GC heap after
{Heap after GC invocations=31 (full 0):
 garbage-first heap   total 227328K, used 140985K [0x0000000080000000, 0x0000000100000000)
  region size 1024K, 7 young (7168K), 7 survivors (7168K)
 Metaspace       used 95356K, capacity 98283K, committed 98600K, reserved 1134592K
  class space    used 12451K, capacity 13580K, committed 13688K, reserved 1048576K
}
Event: 15.447 GC heap before
{Heap before GC invocations=31 (full 0):
 garbage-first heap   total 227328K, used 164537K [0x0000000080000000, 0x0000000100000000)
  region size 1024K, 32 young (32768K), 7 survivors (7168K)
 Metaspace       used 96710K, capacity 99613K, committed 99752K, reserved 1134592K
  class space    used 12630K, capacity 13788K, committed 13816K, reserved 1048576K
}
Event: 15.457 GC heap after
{Heap after GC invocations=32 (full 0):
 garbage-first heap   total 227328K, used 142624K [0x0000000080000000, 0x0000000100000000)
  region size 1024K, 2 young (2048K), 2 survivors (2048K)
 Metaspace       used 96710K, capacity 99613K, committed 99752K, reserved 1134592K
  class space    used 12630K, capacity 13788K, committed 13816K, reserved 1048576K
}
Event: 15.714 GC heap before
{Heap before GC invocations=32 (full 0):
 garbage-first heap   total 227328K, used 182560K [0x0000000080000000, 0x0000000100000000)
  region size 1024K, 40 young (40960K), 2 survivors (2048K)
 Metaspace       used 97296K, capacity 100120K, committed 101032K, reserved 1136640K
  class space    used 12661K, capacity 13761K, committed 14072K, reserved 1048576K
}
Event: 15.726 GC heap after
{Heap after GC invocations=33 (full 0):
 garbage-first heap   total 274432K, used 148810K [0x0000000080000000, 0x0000000100000000)
  region size 1024K, 5 young (5120K), 5 survivors (5120K)
 Metaspace       used 97296K, capacity 100120K, committed 101032K, reserved 1136640K
  class space    used 12661K, capacity 13761K, committed 14072K, reserved 1048576K
}
Event: 15.879 GC heap before
{Heap before GC invocations=34 (full 0):
 garbage-first heap   total 274432K, used 203082K [0x0000000080000000, 0x0000000100000000)
  region size 1024K, 59 young (60416K), 5 survivors (5120K)
 Metaspace       used 97914K, capacity 100775K, committed 101544K, reserved 1136640K
  class space    used 12730K, capacity 13842K, committed 14072K, reserved 1048576K
}
Event: 15.895 GC heap after
{Heap after GC invocations=35 (full 0):
 garbage-first heap   total 274432K, used 158680K [0x0000000080000000, 0x0000000100000000)
  region size 1024K, 8 young (8192K), 8 survivors (8192K)
 Metaspace       used 97914K, capacity 100775K, committed 101544K, reserved 1136640K
  class space    used 12730K, capacity 13842K, committed 14072K, reserved 1048576K
}
Event: 15.974 GC heap before
{Heap before GC invocations=35 (full 0):
 garbage-first heap   total 274432K, used 210904K [0x0000000080000000, 0x0000000100000000)
  region size 1024K, 60 young (61440K), 8 survivors (8192K)
 Metaspace       used 98342K, capacity 101249K, committed 101928K, reserved 1136640K
  class space    used 12799K, capacity 13934K, committed 14200K, reserved 1048576K
}
Event: 15.992 GC heap after
{Heap after GC invocations=36 (full 0):
 garbage-first heap   total 274432K, used 168075K [0x0000000080000000, 0x0000000100000000)
  region size 1024K, 8 young (8192K), 8 survivors (8192K)
 Metaspace       used 98342K, capacity 101249K, committed 101928K, reserved 1136640K
  class space    used 12799K, capacity 13934K, committed 14200K, reserved 1048576K
}
Event: 16.109 GC heap before
{Heap before GC invocations=36 (full 0):
 garbage-first heap   total 274432K, used 218251K [0x0000000080000000, 0x0000000100000000)
  region size 1024K, 57 young (58368K), 8 survivors (8192K)
 Metaspace       used 98872K, capacity 101718K, committed 102440K, reserved 1138688K
  class space    used 12879K, capacity 14003K, committed 14200K, reserved 1048576K
}
Event: 16.126 GC heap after
{Heap after GC invocations=37 (full 0):
 garbage-first heap   total 274432K, used 177763K [0x0000000080000000, 0x0000000100000000)
  region size 1024K, 8 young (8192K), 8 survivors (8192K)
 Metaspace       used 98872K, capacity 101718K, committed 102440K, reserved 1138688K
  class space    used 12879K, capacity 14003K, committed 14200K, reserved 1048576K
}
Event: 16.285 GC heap before
{Heap before GC invocations=37 (full 0):
 garbage-first heap   total 274432K, used 222819K [0x0000000080000000, 0x0000000100000000)
  region size 1024K, 53 young (54272K), 8 survivors (8192K)
 Metaspace       used 99413K, capacity 102204K, committed 103080K, reserved 1138688K
  class space    used 12951K, capacity 14056K, committed 14328K, reserved 1048576K
}

